# JRE version: Java(TM) SE Runtime Environment (8.0_45-b15) (build 1.8.0_45-b15)
# Java VM: Java HotSpot(TM) 64-Bit Server VM (25.45-b02 mixed mode windows-amd64 compressed oops)
Heap:
 PSYoungGen      total 53760K, used 49856K [0x00000000f5580000, 0x00000000f8c80000, 0x0000000100000000)
  eden space 51200K, 97% used [0x00000000f5580000,0x00000000f86303e8,0x00000000f8780000)
  from space 2560K, 0% used [0x00000000f8a00000,0x00000000f8a00000,0x00000000f8c80000)
  to   space 2560K, 0% used [0x00000000f8780000,0x00000000f8780000,0x00000000f8a00000)
 ParOldGen       total 74240K, used 51745K [0x00000000e0000000, 0x00000000e4880000, 0x00000000f5580000)
  object space 74240K, 69% used [0x00000000e0000000,0x00000000e3288748,0x00000000e4880000)
 Metaspace       used 93754K, capacity 100936K, committed 101120K, reserved 1136640K
  class space    used 11072K, capacity 13277K, committed 13312K, reserved 1048576K
GC Heap History (10 events):
Event: 25216.222 GC heap before
{Heap before GC invocations=759 (full 351):
 PSYoungGen      total 53248K, used 224K [0x00000000f5580000, 0x00000000f8c80000, 0x0000000100000000)
  eden space 51200K, 0% used [0x00000000f5580000,0x00000000f5580000,0x00000000f8780000)
  from space 2048K, 10% used [0x00000000f8a80000,0x00000000f8ab8000,0x00000000f8c80000)
  to   space 2560K, 0% used [0x00000000f8780000,0x00000000f8780000,0x00000000f8a00000)
 ParOldGen       total 74240K, used 52088K [0x00000000e0000000, 0x00000000e4880000, 0x00000000f5580000)
  object space 74240K, 70% used [0x00000000e0000000,0x00000000e32de0a0,0x00000000e4880000)
 Metaspace       used 93133K, capacity 100280K, committed 100480K, reserved 1136640K
  class space    used 11008K, capacity 13147K, committed 13184K, reserved 1048576K
Event: 25216.318 GC heap after
Heap after GC invocations=759 (full 351):
 PSYoungGen      total 53248K, used 0K [0x00000000f5580000, 0x00000000f8c80000, 0x0000000100000000)
  eden space 51200K, 0% used [0x00000000f5580000,0x00000000f5580000,0x00000000f8780000)
  from space 2048K, 0% used [0x00000000f8a80000,0x00000000f8a80000,0x00000000f8c80000)
  to   space 2560K, 0% used [0x00000000f8780000,0x00000000f8780000,0x00000000f8a00000)
 ParOldGen       total 74240K, used 51956K [0x00000000e0000000, 0x00000000e4880000, 0x00000000f5580000)
  object space 74240K, 69% used [0x00000000e0000000,0x00000000e32bd270,0x00000000e4880000)
 Metaspace       used 93133K, capacity 100280K, committed 100480K, reserved 1136640K
  class space    used 11008K, capacity 13147K, committed 13184K, reserved 1048576K
}
Event: 25276.220 GC heap before
{Heap before GC invocations=760 (full 351):
 PSYoungGen      total 53248K, used 2776K [0x00000000f5580000, 0x00000000f8c80000, 0x0000000100000000)
  eden space 51200K, 5% used [0x00000000f5580000,0x00000000f5836010,0x00000000f8780000)
  from space 2048K, 0% used [0x00000000f8a80000,0x00000000f8a80000,0x00000000f8c80000)
  to   space 2560K, 0% used [0x00000000f8780000,0x00000000f8780000,0x00000000f8a00000)
 ParOldGen       total 74240K, used 51956K [0x00000000e0000000, 0x00000000e4880000, 0x00000000f5580000)
  object space 74240K, 69% used [0x00000000e0000000,0x00000000e32bd270,0x00000000e4880000)
 Metaspace       used 93133K, capacity 100280K, committed 100480K, reserved 1136640K
  class space    used 11008K, capacity 13147K, committed 13184K, reserved 1048576K
Event: 25276.223 GC heap after
Heap after GC invocations=760 (full 351):
 PSYoungGen      total 53760K, used 224K [0x00000000f5580000, 0x00000000f8c80000, 0x0000000100000000)
  eden space 51200K, 0% used [0x00000000f5580000,0x00000000f5580000,0x00000000f8780000)
  from space 2560K, 8% used [0x00000000f8780000,0x00000000f87b8000,0x00000000f8a00000)
  to   space 2560K, 0% used [0x00000000f8a00000,0x00000000f8a00000,0x00000000f8c80000)
 ParOldGen       total 74240K, used 51956K [0x00000000e0000000, 0x00000000e4880000, 0x00000000f5580000)
  object space 74240K, 69% used [0x00000000e0000000,0x00000000e32bd270,0x00000000e4880000)
 Metaspace       used 93133K, capacity 100280K, committed 100480K, reserved 1136640K
  class space    used 11008K, capacity 13147K, committed 13184K, reserved 1048576K
}
Event: 25276.223 GC heap before
{Heap before GC invocations=761 (full 352):
 PSYoungGen      total 53760K, used 224K [0x00000000f5580000, 0x00000000f8c80000, 0x0000000100000000)
  eden space 51200K, 0% used [0x00000000f5580000,0x00000000f5580000,0x00000000f8780000)
  from space 2560K, 8% used [0x00000000f8780000,0x00000000f87b8000,0x00000000f8a00000)
  to   space 2560K, 0% used [0x00000000f8a00000,0x00000000f8a00000,0x00000000f8c80000)
 ParOldGen       total 74240K, used 51956K [0x00000000e0000000, 0x00000000e4880000, 0x00000000f5580000)
  object space 74240K, 69% used [0x00000000e0000000,0x00000000e32bd270,0x00000000e4880000)
 Metaspace       used 93133K, capacity 100280K, committed 100480K, reserved 1136640K
  class space    used 11008K, capacity 13147K, committed 13184K, reserved 1048576K
Event: 25276.315 GC heap after
Heap after GC invocations=761 (full 352):
 PSYoungGen      total 53760K, used 0K [0x00000000f5580000, 0x00000000f8c80000, 0x0000000100000000)
  eden space 51200K, 0% used [0x00000000f5580000,0x00000000f5580000,0x00000000f8780000)
  from space 2560K, 0% used [0x00000000f8780000,0x00000000f8780000,0x00000000f8a00000)
  to   space 2560K, 0% used [0x00000000f8a00000,0x00000000f8a00000,0x00000000f8c80000)
 ParOldGen       total 74240K, used 51956K [0x00000000e0000000, 0x00000000e4880000, 0x00000000f5580000)
  object space 74240K, 69% used [0x00000000e0000000,0x00000000e32bd270,0x00000000e4880000)
 Metaspace       used 93133K, capacity 100280K, committed 100480K, reserved 1136640K
  class space    used 11008K, capacity 13147K, committed 13184K, reserved 1048576K
}
Event: 25336.222 GC heap before
{Heap before GC invocations=762 (full 352):
 PSYoungGen      total 53760K, used 2765K [0x00000000f5580000, 0x00000000f8c80000, 0x0000000100000000)
  eden space 51200K, 5% used [0x00000000f5580000,0x00000000f5833758,0x00000000f8780000)
  from space 2560K, 0% used [0x00000000f8780000,0x00000000f8780000,0x00000000f8a00000)
  to   space 2560K, 0% used [0x00000000f8a00000,0x00000000f8a00000,0x00000000f8c80000)
 ParOldGen       total 74240K, used 51956K [0x00000000e0000000, 0x00000000e4880000, 0x00000000f5580000)
  object space 74240K, 69% used [0x00000000e0000000,0x00000000e32bd270,0x00000000e4880000)
 Metaspace       used 93133K, capacity 100280K, committed 100480K, reserved 1136640K
  class space    used 11008K, capacity 13147K, committed 13184K, reserved 1048576K
Event: 25336.225 GC heap after
Heap after GC invocations=762 (full 352):
 PSYoungGen      total 53760K, used 256K [0x00000000f5580000, 0x00000000f8c80000, 0x0000000100000000)
  eden space 51200K, 0% used [0x00000000f5580000,0x00000000f5580000,0x00000000f8780000)
  from space 2560K, 10% used [0x00000000f8a00000,0x00000000f8a40000,0x00000000f8c80000)
  to   space 2560K, 0% used [0x00000000f8780000,0x00000000f8780000,0x00000000f8a00000)
 ParOldGen       total 74240K, used 51956K [0x00000000e0000000, 0x00000000e4880000, 0x00000000f5580000)
  object space 74240K, 69% used [0x00000000e0000000,0x00000000e32bd270,0x00000000e4880000)
 Metaspace       used 93133K, capacity 100280K, committed 100480K, reserved 1136640K
  class space    used 11008K, capacity 13147K, committed 13184K, reserved 1048576K
}
Event: 25336.225 GC heap before
{Heap before GC invocations=763 (full 353):
 PSYoungGen      total 53760K, used 256K [0x00000000f5580000, 0x00000000f8c80000, 0x0000000100000000)
  eden space 51200K, 0% used [0x00000000f5580000,0x00000000f5580000,0x00000000f8780000)
  from space 2560K, 10% used [0x00000000f8a00000,0x00000000f8a40000,0x00000000f8c80000)
  to   space 2560K, 0% used [0x00000000f8780000,0x00000000f8780000,0x00000000f8a00000)
 ParOldGen       total 74240K, used 51956K [0x00000000e0000000, 0x00000000e4880000, 0x00000000f5580000)
  object space 74240K, 69% used [0x00000000e0000000,0x00000000e32bd270,0x00000000e4880000)
 Metaspace       used 93133K, capacity 100280K, committed 100480K, reserved 1136640K
  class space    used 11008K, capacity 13147K, committed 13184K, reserved 1048576K
Event: 25336.350 GC heap after
Heap after GC invocations=763 (full 353):
 PSYoungGen      total 53760K, used 0K [0x00000000f5580000, 0x00000000f8c80000, 0x0000000100000000)
  eden space 51200K, 0% used [0x00000000f5580000,0x00000000f5580000,0x00000000f8780000)
  from space 2560K, 0% used [0x00000000f8a00000,0x00000000f8a00000,0x00000000f8c80000)
  to   space 2560K, 0% used [0x00000000f8780000,0x00000000f8780000,0x00000000f8a00000)
 ParOldGen       total 74240K, used 51745K [0x00000000e0000000, 0x00000000e4880000, 0x00000000f5580000)
  object space 74240K, 69% used [0x00000000e0000000,0x00000000e3288748,0x00000000e4880000)
 Metaspace       used 93128K, capacity 100274K, committed 100480K, reserved 1136640K
  class space    used 11007K, capacity 13146K, committed 13184K, reserved 1048576K
}

