# JRE version: Java(TM) SE Runtime Environment (8.0_45-b15) (build 1.8.0_45-b15)
# Java VM: Java HotSpot(TM) 64-Bit Server VM (25.45-b02 mixed mode windows-amd64 compressed oops)
Heap:
 PSYoungGen      total 131072K, used 103179K [0x00000000f5580000, 0x00000000ff900000, 0x0000000100000000)
  eden space 125440K, 82% used [0x00000000f5580000,0x00000000fba42f20,0x00000000fd000000)
  from space 5632K, 0% used [0x00000000fd000000,0x00000000fd000000,0x00000000fd580000)
  to   space 20992K, 0% used [0x00000000fe480000,0x00000000fe480000,0x00000000ff900000)
 ParOldGen       total 96256K, used 53109K [0x00000000e0000000, 0x00000000e5e00000, 0x00000000f5580000)
  object space 96256K, 55% used [0x00000000e0000000,0x00000000e33dd730,0x00000000e5e00000)
 Metaspace       used 90488K, capacity 97452K, committed 97664K, reserved 1134592K
  class space    used 10993K, capacity 13154K, committed 13184K, reserved 1048576K
GC Heap History (10 events):
Event: 387.743 GC heap before
{Heap before GC invocations=30 (full 8):
 PSYoungGen      total 152064K, used 12593K [0x00000000f5580000, 0x0000000100000000, 0x0000000100000000)
  eden space 129536K, 0% used [0x00000000f5580000,0x00000000f5580000,0x00000000fd400000)
  from space 22528K, 55% used [0x00000000fea00000,0x00000000ff64c4f0,0x0000000100000000)
  to   space 22528K, 0% used [0x00000000fd400000,0x00000000fd400000,0x00000000fea00000)
 ParOldGen       total 96256K, used 48588K [0x00000000e0000000, 0x00000000e5e00000, 0x00000000f5580000)
  object space 96256K, 50% used [0x00000000e0000000,0x00000000e2f733f8,0x00000000e5e00000)
 Metaspace       used 85362K, capacity 91614K, committed 91904K, reserved 1128448K
  class space    used 10429K, capacity 12444K, committed 12544K, reserved 1048576K
Event: 388.053 GC heap after
Heap after GC invocations=30 (full 8):
 PSYoungGen      total 152064K, used 0K [0x00000000f5580000, 0x0000000100000000, 0x0000000100000000)
  eden space 129536K, 0% used [0x00000000f5580000,0x00000000f5580000,0x00000000fd400000)
  from space 22528K, 0% used [0x00000000fea00000,0x00000000fea00000,0x0000000100000000)
  to   space 22528K, 0% used [0x00000000fd400000,0x00000000fd400000,0x00000000fea00000)
 ParOldGen       total 96256K, used 57761K [0x00000000e0000000, 0x00000000e5e00000, 0x00000000f5580000)
  object space 96256K, 60% used [0x00000000e0000000,0x00000000e38684c8,0x00000000e5e00000)
 Metaspace       used 85362K, capacity 91614K, committed 91904K, reserved 1128448K
  class space    used 10429K, capacity 12444K, committed 12544K, reserved 1048576K
}
Event: 432.835 GC heap before
{Heap before GC invocations=31 (full 8):
 PSYoungGen      total 152064K, used 129536K [0x00000000f5580000, 0x0000000100000000, 0x0000000100000000)
  eden space 129536K, 100% used [0x00000000f5580000,0x00000000fd400000,0x00000000fd400000)
  from space 22528K, 0% used [0x00000000fea00000,0x00000000fea00000,0x0000000100000000)
  to   space 22528K, 0% used [0x00000000fd400000,0x00000000fd400000,0x00000000fea00000)
 ParOldGen       total 96256K, used 57761K [0x00000000e0000000, 0x00000000e5e00000, 0x00000000f5580000)
  object space 96256K, 60% used [0x00000000e0000000,0x00000000e38684c8,0x00000000e5e00000)
 Metaspace       used 87585K, capacity 94360K, committed 94464K, reserved 1130496K
  class space    used 10683K, capacity 12779K, committed 12800K, reserved 1048576K
Event: 432.840 GC heap after
Heap after GC invocations=31 (full 8):
 PSYoungGen      total 135168K, used 5249K [0x00000000f5580000, 0x00000000fff00000, 0x0000000100000000)
  eden space 129536K, 0% used [0x00000000f5580000,0x00000000f5580000,0x00000000fd400000)
  from space 5632K, 93% used [0x00000000fd400000,0x00000000fd9204f8,0x00000000fd980000)
  to   space 22016K, 0% used [0x00000000fe980000,0x00000000fe980000,0x00000000fff00000)
 ParOldGen       total 96256K, used 57769K [0x00000000e0000000, 0x00000000e5e00000, 0x00000000f5580000)
  object space 96256K, 60% used [0x00000000e0000000,0x00000000e386a4c8,0x00000000e5e00000)
 Metaspace       used 87585K, capacity 94360K, committed 94464K, reserved 1130496K
  class space    used 10683K, capacity 12779K, committed 12800K, reserved 1048576K
}
Event: 501.435 GC heap before
{Heap before GC invocations=32 (full 8):
 PSYoungGen      total 135168K, used 134785K [0x00000000f5580000, 0x00000000fff00000, 0x0000000100000000)
  eden space 129536K, 100% used [0x00000000f5580000,0x00000000fd400000,0x00000000fd400000)
  from space 5632K, 93% used [0x00000000fd400000,0x00000000fd9204f8,0x00000000fd980000)
  to   space 22016K, 0% used [0x00000000fe980000,0x00000000fe980000,0x00000000fff00000)
 ParOldGen       total 96256K, used 57769K [0x00000000e0000000, 0x00000000e5e00000, 0x00000000f5580000)
  object space 96256K, 60% used [0x00000000e0000000,0x00000000e386a4c8,0x00000000e5e00000)
 Metaspace       used 89515K, capacity 96642K, committed 96768K, reserved 1132544K
  class space    used 10911K, capacity 13055K, committed 13056K, reserved 1048576K
Event: 501.441 GC heap after
Heap after GC invocations=32 (full 8):
 PSYoungGen      total 142336K, used 5986K [0x00000000f5580000, 0x00000000ffa00000, 0x0000000100000000)
  eden space 125440K, 0% used [0x00000000f5580000,0x00000000f5580000,0x00000000fd000000)
  from space 16896K, 35% used [0x00000000fe980000,0x00000000fef588b0,0x00000000ffa00000)
  to   space 21504K, 0% used [0x00000000fd000000,0x00000000fd000000,0x00000000fe500000)
 ParOldGen       total 96256K, used 57777K [0x00000000e0000000, 0x00000000e5e00000, 0x00000000f5580000)
  object space 96256K, 60% used [0x00000000e0000000,0x00000000e386c4c8,0x00000000e5e00000)
 Metaspace       used 89515K, capacity 96642K, committed 96768K, reserved 1132544K
  class space    used 10911K, capacity 13055K, committed 13056K, reserved 1048576K
}
Event: 505.941 GC heap before
{Heap before GC invocations=33 (full 8):
 PSYoungGen      total 142336K, used 62806K [0x00000000f5580000, 0x00000000ffa00000, 0x0000000100000000)
  eden space 125440K, 45% used [0x00000000f5580000,0x00000000f8cfd290,0x00000000fd000000)
  from space 16896K, 35% used [0x00000000fe980000,0x00000000fef588b0,0x00000000ffa00000)
  to   space 21504K, 0% used [0x00000000fd000000,0x00000000fd000000,0x00000000fe500000)
 ParOldGen       total 96256K, used 57777K [0x00000000e0000000, 0x00000000e5e00000, 0x00000000f5580000)
  object space 96256K, 60% used [0x00000000e0000000,0x00000000e386c4c8,0x00000000e5e00000)
 Metaspace       used 89611K, capacity 96770K, committed 97024K, reserved 1132544K
  class space    used 10912K, capacity 13055K, committed 13056K, reserved 1048576K
Event: 505.945 GC heap after
Heap after GC invocations=33 (full 8):
 PSYoungGen      total 131072K, used 5213K [0x00000000f5580000, 0x00000000ff900000, 0x0000000100000000)
  eden space 125440K, 0% used [0x00000000f5580000,0x00000000f5580000,0x00000000fd000000)
  from space 5632K, 92% used [0x00000000fd000000,0x00000000fd517700,0x00000000fd580000)
  to   space 20992K, 0% used [0x00000000fe480000,0x00000000fe480000,0x00000000ff900000)
 ParOldGen       total 96256K, used 57785K [0x00000000e0000000, 0x00000000e5e00000, 0x00000000f5580000)
  object space 96256K, 60% used [0x00000000e0000000,0x00000000e386e4c8,0x00000000e5e00000)
 Metaspace       used 89611K, capacity 96770K, committed 97024K, reserved 1132544K
  class space    used 10912K, capacity 13055K, committed 13056K, reserved 1048576K
}
Event: 505.945 GC heap before
{Heap before GC invocations=34 (full 9):
 PSYoungGen      total 131072K, used 5213K [0x00000000f5580000, 0x00000000ff900000, 0x0000000100000000)
  eden space 125440K, 0% used [0x00000000f5580000,0x00000000f5580000,0x00000000fd000000)
  from space 5632K, 92% used [0x00000000fd000000,0x00000000fd517700,0x00000000fd580000)
  to   space 20992K, 0% used [0x00000000fe480000,0x00000000fe480000,0x00000000ff900000)
 ParOldGen       total 96256K, used 57785K [0x00000000e0000000, 0x00000000e5e00000, 0x00000000f5580000)
  object space 96256K, 60% used [0x00000000e0000000,0x00000000e386e4c8,0x00000000e5e00000)
 Metaspace       used 89611K, capacity 96770K, committed 97024K, reserved 1132544K
  class space    used 10912K, capacity 13055K, committed 13056K, reserved 1048576K
Event: 506.123 GC heap after
Heap after GC invocations=34 (full 9):
 PSYoungGen      total 131072K, used 0K [0x00000000f5580000, 0x00000000ff900000, 0x0000000100000000)
  eden space 125440K, 0% used [0x00000000f5580000,0x00000000f5580000,0x00000000fd000000)
  from space 5632K, 0% used [0x00000000fd000000,0x00000000fd000000,0x00000000fd580000)
  to   space 20992K, 0% used [0x00000000fe480000,0x00000000fe480000,0x00000000ff900000)
 ParOldGen       total 96256K, used 53109K [0x00000000e0000000, 0x00000000e5e00000, 0x00000000f5580000)
  object space 96256K, 55% used [0x00000000e0000000,0x00000000e33dd730,0x00000000e5e00000)
 Metaspace       used 89596K, capacity 96746K, committed 97024K, reserved 1132544K
  class space    used 10910K, capacity 13051K, committed 13056K, reserved 1048576K
}

