# JRE version: Java(TM) SE Runtime Environment (8.0_45-b15) (build 1.8.0_45-b15)
# Java VM: Java HotSpot(TM) 64-Bit Server VM (25.45-b02 mixed mode windows-amd64 compressed oops)
Heap:
 PSYoungGen      total 132608K, used 42503K [0x00000000f5580000, 0x00000000fd800000, 0x0000000100000000)
  eden space 131584K, 32% used [0x00000000f5580000,0x00000000f7f01c88,0x00000000fd600000)
  from space 1024K, 0% used [0x00000000fd700000,0x00000000fd700000,0x00000000fd800000)
  to   space 1024K, 0% used [0x00000000fd600000,0x00000000fd600000,0x00000000fd700000)
 ParOldGen       total 101376K, used 49804K [0x00000000e0000000, 0x00000000e6300000, 0x00000000f5580000)
  object space 101376K, 49% used [0x00000000e0000000,0x00000000e30a32f8,0x00000000e6300000)
 Metaspace       used 93788K, capacity 100858K, committed 100992K, reserved 1136640K
  class space    used 11163K, capacity 13350K, committed 13440K, reserved 1048576K
GC Heap History (10 events):
Event: 17211.286 GC heap before
{Heap before GC invocations=594 (full 286):
 PSYoungGen      total 132608K, used 224K [0x00000000f5580000, 0x00000000fd800000, 0x0000000100000000)
  eden space 131584K, 0% used [0x00000000f5580000,0x00000000f5580000,0x00000000fd600000)
  from space 1024K, 21% used [0x00000000fd700000,0x00000000fd738000,0x00000000fd800000)
  to   space 1024K, 0% used [0x00000000fd600000,0x00000000fd600000,0x00000000fd700000)
 ParOldGen       total 101376K, used 49935K [0x00000000e0000000, 0x00000000e6300000, 0x00000000f5580000)
  object space 101376K, 49% used [0x00000000e0000000,0x00000000e30c3e98,0x00000000e6300000)
 Metaspace       used 92992K, capacity 100266K, committed 100608K, reserved 1136640K
  class space    used 11070K, capacity 13220K, committed 13312K, reserved 1048576K
Event: 17211.371 GC heap after
Heap after GC invocations=594 (full 286):
 PSYoungGen      total 132608K, used 0K [0x00000000f5580000, 0x00000000fd800000, 0x0000000100000000)
  eden space 131584K, 0% used [0x00000000f5580000,0x00000000f5580000,0x00000000fd600000)
  from space 1024K, 0% used [0x00000000fd700000,0x00000000fd700000,0x00000000fd800000)
  to   space 1024K, 0% used [0x00000000fd600000,0x00000000fd600000,0x00000000fd700000)
 ParOldGen       total 101376K, used 49804K [0x00000000e0000000, 0x00000000e6300000, 0x00000000f5580000)
  object space 101376K, 49% used [0x00000000e0000000,0x00000000e30a32f8,0x00000000e6300000)
 Metaspace       used 92992K, capacity 100266K, committed 100608K, reserved 1136640K
  class space    used 11070K, capacity 13220K, committed 13312K, reserved 1048576K
}
Event: 17271.297 GC heap before
{Heap before GC invocations=595 (full 286):
 PSYoungGen      total 132608K, used 3570K [0x00000000f5580000, 0x00000000fd800000, 0x0000000100000000)
  eden space 131584K, 2% used [0x00000000f5580000,0x00000000f58fc880,0x00000000fd600000)
  from space 1024K, 0% used [0x00000000fd700000,0x00000000fd700000,0x00000000fd800000)
  to   space 1024K, 0% used [0x00000000fd600000,0x00000000fd600000,0x00000000fd700000)
 ParOldGen       total 101376K, used 49804K [0x00000000e0000000, 0x00000000e6300000, 0x00000000f5580000)
  object space 101376K, 49% used [0x00000000e0000000,0x00000000e30a32f8,0x00000000e6300000)
 Metaspace       used 92992K, capacity 100266K, committed 100608K, reserved 1136640K
  class space    used 11070K, capacity 13220K, committed 13312K, reserved 1048576K
Event: 17271.300 GC heap after
Heap after GC invocations=595 (full 286):
 PSYoungGen      total 132608K, used 224K [0x00000000f5580000, 0x00000000fd800000, 0x0000000100000000)
  eden space 131584K, 0% used [0x00000000f5580000,0x00000000f5580000,0x00000000fd600000)
  from space 1024K, 21% used [0x00000000fd600000,0x00000000fd638000,0x00000000fd700000)
  to   space 1024K, 0% used [0x00000000fd700000,0x00000000fd700000,0x00000000fd800000)
 ParOldGen       total 101376K, used 49804K [0x00000000e0000000, 0x00000000e6300000, 0x00000000f5580000)
  object space 101376K, 49% used [0x00000000e0000000,0x00000000e30a32f8,0x00000000e6300000)
 Metaspace       used 92992K, capacity 100266K, committed 100608K, reserved 1136640K
  class space    used 11070K, capacity 13220K, committed 13312K, reserved 1048576K
}
Event: 17271.300 GC heap before
{Heap before GC invocations=596 (full 287):
 PSYoungGen      total 132608K, used 224K [0x00000000f5580000, 0x00000000fd800000, 0x0000000100000000)
  eden space 131584K, 0% used [0x00000000f5580000,0x00000000f5580000,0x00000000fd600000)
  from space 1024K, 21% used [0x00000000fd600000,0x00000000fd638000,0x00000000fd700000)
  to   space 1024K, 0% used [0x00000000fd700000,0x00000000fd700000,0x00000000fd800000)
 ParOldGen       total 101376K, used 49804K [0x00000000e0000000, 0x00000000e6300000, 0x00000000f5580000)
  object space 101376K, 49% used [0x00000000e0000000,0x00000000e30a32f8,0x00000000e6300000)
 Metaspace       used 92992K, capacity 100266K, committed 100608K, reserved 1136640K
  class space    used 11070K, capacity 13220K, committed 13312K, reserved 1048576K
Event: 17271.381 GC heap after
Heap after GC invocations=596 (full 287):
 PSYoungGen      total 132608K, used 0K [0x00000000f5580000, 0x00000000fd800000, 0x0000000100000000)
  eden space 131584K, 0% used [0x00000000f5580000,0x00000000f5580000,0x00000000fd600000)
  from space 1024K, 0% used [0x00000000fd600000,0x00000000fd600000,0x00000000fd700000)
  to   space 1024K, 0% used [0x00000000fd700000,0x00000000fd700000,0x00000000fd800000)
 ParOldGen       total 101376K, used 49804K [0x00000000e0000000, 0x00000000e6300000, 0x00000000f5580000)
  object space 101376K, 49% used [0x00000000e0000000,0x00000000e30a32f8,0x00000000e6300000)
 Metaspace       used 92992K, capacity 100266K, committed 100608K, reserved 1136640K
  class space    used 11070K, capacity 13220K, committed 13312K, reserved 1048576K
}
Event: 17331.307 GC heap before
{Heap before GC invocations=597 (full 287):
 PSYoungGen      total 132608K, used 3580K [0x00000000f5580000, 0x00000000fd800000, 0x0000000100000000)
  eden space 131584K, 2% used [0x00000000f5580000,0x00000000f58ff1c0,0x00000000fd600000)
  from space 1024K, 0% used [0x00000000fd600000,0x00000000fd600000,0x00000000fd700000)
  to   space 1024K, 0% used [0x00000000fd700000,0x00000000fd700000,0x00000000fd800000)
 ParOldGen       total 101376K, used 49804K [0x00000000e0000000, 0x00000000e6300000, 0x00000000f5580000)
  object space 101376K, 49% used [0x00000000e0000000,0x00000000e30a32f8,0x00000000e6300000)
 Metaspace       used 92992K, capacity 100266K, committed 100608K, reserved 1136640K
  class space    used 11070K, capacity 13220K, committed 13312K, reserved 1048576K
Event: 17331.310 GC heap after
Heap after GC invocations=597 (full 287):
 PSYoungGen      total 132608K, used 224K [0x00000000f5580000, 0x00000000fd800000, 0x0000000100000000)
  eden space 131584K, 0% used [0x00000000f5580000,0x00000000f5580000,0x00000000fd600000)
  from space 1024K, 21% used [0x00000000fd700000,0x00000000fd738000,0x00000000fd800000)
  to   space 1024K, 0% used [0x00000000fd600000,0x00000000fd600000,0x00000000fd700000)
 ParOldGen       total 101376K, used 49804K [0x00000000e0000000, 0x00000000e6300000, 0x00000000f5580000)
  object space 101376K, 49% used [0x00000000e0000000,0x00000000e30a32f8,0x00000000e6300000)
 Metaspace       used 92992K, capacity 100266K, committed 100608K, reserved 1136640K
  class space    used 11070K, capacity 13220K, committed 13312K, reserved 1048576K
}
Event: 17331.310 GC heap before
{Heap before GC invocations=598 (full 288):
 PSYoungGen      total 132608K, used 224K [0x00000000f5580000, 0x00000000fd800000, 0x0000000100000000)
  eden space 131584K, 0% used [0x00000000f5580000,0x00000000f5580000,0x00000000fd600000)
  from space 1024K, 21% used [0x00000000fd700000,0x00000000fd738000,0x00000000fd800000)
  to   space 1024K, 0% used [0x00000000fd600000,0x00000000fd600000,0x00000000fd700000)
 ParOldGen       total 101376K, used 49804K [0x00000000e0000000, 0x00000000e6300000, 0x00000000f5580000)
  object space 101376K, 49% used [0x00000000e0000000,0x00000000e30a32f8,0x00000000e6300000)
 Metaspace       used 92992K, capacity 100266K, committed 100608K, reserved 1136640K
  class space    used 11070K, capacity 13220K, committed 13312K, reserved 1048576K
Event: 17331.395 GC heap after
Heap after GC invocations=598 (full 288):
 PSYoungGen      total 132608K, used 0K [0x00000000f5580000, 0x00000000fd800000, 0x0000000100000000)
  eden space 131584K, 0% used [0x00000000f5580000,0x00000000f5580000,0x00000000fd600000)
  from space 1024K, 0% used [0x00000000fd700000,0x00000000fd700000,0x00000000fd800000)
  to   space 1024K, 0% used [0x00000000fd600000,0x00000000fd600000,0x00000000fd700000)
 ParOldGen       total 101376K, used 49804K [0x00000000e0000000, 0x00000000e6300000, 0x00000000f5580000)
  object space 101376K, 49% used [0x00000000e0000000,0x00000000e30a32f8,0x00000000e6300000)
 Metaspace       used 92992K, capacity 100266K, committed 100608K, reserved 1136640K
  class space    used 11070K, capacity 13220K, committed 13312K, reserved 1048576K
}

