# JRE version: Java(TM) SE Runtime Environment (8.0_45-b15) (build 1.8.0_45-b15)
# Java VM: Java HotSpot(TM) 64-Bit Server VM (25.45-b02 mixed mode windows-amd64 compressed oops)
Heap:
 PSYoungGen      total 70144K, used 53282K [0x00000000f5580000, 0x00000000fab80000, 0x0000000100000000)
  eden space 53248K, 74% used [0x00000000f5580000,0x00000000f7c69240,0x00000000f8980000)
  from space 16896K, 79% used [0x00000000f9b00000,0x00000000fa81f8f0,0x00000000fab80000)
  to   space 17408K, 0% used [0x00000000f8980000,0x00000000f8980000,0x00000000f9a80000)
 ParOldGen       total 92672K, used 45026K [0x00000000e0000000, 0x00000000e5a80000, 0x00000000f5580000)
  object space 92672K, 48% used [0x00000000e0000000,0x00000000e2bf8b80,0x00000000e5a80000)
 Metaspace       used 84706K, capacity 91524K, committed 91904K, reserved 1128448K
  class space    used 10287K, capacity 12430K, committed 12544K, reserved 1048576K
GC Heap History (10 events):
Event: 1454.447 GC heap before
{Heap before GC invocations=28 (full 4):
 PSYoungGen      total 70656K, used 70366K [0x00000000f5580000, 0x00000000fb100000, 0x0000000100000000)
  eden space 59904K, 100% used [0x00000000f5580000,0x00000000f9000000,0x00000000f9000000)
  from space 10752K, 97% used [0x00000000f9180000,0x00000000f9bb79e0,0x00000000f9c00000)
  to   space 16896K, 0% used [0x00000000fa080000,0x00000000fa080000,0x00000000fb100000)
 ParOldGen       total 92672K, used 44994K [0x00000000e0000000, 0x00000000e5a80000, 0x00000000f5580000)
  object space 92672K, 48% used [0x00000000e0000000,0x00000000e2bf0b80,0x00000000e5a80000)
 Metaspace       used 81724K, capacity 88334K, committed 88576K, reserved 1126400K
  class space    used 9922K, capacity 12028K, committed 12032K, reserved 1048576K
Event: 1454.456 GC heap after
Heap after GC invocations=28 (full 4):
 PSYoungGen      total 72704K, used 10065K [0x00000000f5580000, 0x00000000fae80000, 0x0000000100000000)
  eden space 58368K, 0% used [0x00000000f5580000,0x00000000f5580000,0x00000000f8e80000)
  from space 14336K, 70% used [0x00000000fa080000,0x00000000faa547f0,0x00000000fae80000)
  to   space 16384K, 0% used [0x00000000f8e80000,0x00000000f8e80000,0x00000000f9e80000)
 ParOldGen       total 92672K, used 44994K [0x00000000e0000000, 0x00000000e5a80000, 0x00000000f5580000)
  object space 92672K, 48% used [0x00000000e0000000,0x00000000e2bf0b80,0x00000000e5a80000)
 Metaspace       used 81724K, capacity 88334K, committed 88576K, reserved 1126400K
  class space    used 9922K, capacity 12028K, committed 12032K, reserved 1048576K
}
Event: 1645.855 GC heap before
{Heap before GC invocations=29 (full 4):
 PSYoungGen      total 72704K, used 68433K [0x00000000f5580000, 0x00000000fae80000, 0x0000000100000000)
  eden space 58368K, 100% used [0x00000000f5580000,0x00000000f8e80000,0x00000000f8e80000)
  from space 14336K, 70% used [0x00000000fa080000,0x00000000faa547f0,0x00000000fae80000)
  to   space 16384K, 0% used [0x00000000f8e80000,0x00000000f8e80000,0x00000000f9e80000)
 ParOldGen       total 92672K, used 44994K [0x00000000e0000000, 0x00000000e5a80000, 0x00000000f5580000)
  object space 92672K, 48% used [0x00000000e0000000,0x00000000e2bf0b80,0x00000000e5a80000)
 Metaspace       used 82002K, capacity 88654K, committed 88832K, reserved 1126400K
  class space    used 9931K, capacity 12028K, committed 12032K, reserved 1048576K
Event: 1645.863 GC heap after
Heap after GC invocations=29 (full 4):
 PSYoungGen      total 67584K, used 10552K [0x00000000f5580000, 0x00000000fac00000, 0x0000000100000000)
  eden space 56832K, 0% used [0x00000000f5580000,0x00000000f5580000,0x00000000f8d00000)
  from space 10752K, 98% used [0x00000000f8e80000,0x00000000f98ce1d8,0x00000000f9900000)
  to   space 15872K, 0% used [0x00000000f9c80000,0x00000000f9c80000,0x00000000fac00000)
 ParOldGen       total 92672K, used 45002K [0x00000000e0000000, 0x00000000e5a80000, 0x00000000f5580000)
  object space 92672K, 48% used [0x00000000e0000000,0x00000000e2bf2b80,0x00000000e5a80000)
 Metaspace       used 82002K, capacity 88654K, committed 88832K, reserved 1126400K
  class space    used 9931K, capacity 12028K, committed 12032K, reserved 1048576K
}
Event: 1661.010 GC heap before
{Heap before GC invocations=30 (full 4):
 PSYoungGen      total 67584K, used 67384K [0x00000000f5580000, 0x00000000fac00000, 0x0000000100000000)
  eden space 56832K, 100% used [0x00000000f5580000,0x00000000f8d00000,0x00000000f8d00000)
  from space 10752K, 98% used [0x00000000f8e80000,0x00000000f98ce1d8,0x00000000f9900000)
  to   space 15872K, 0% used [0x00000000f9c80000,0x00000000f9c80000,0x00000000fac00000)
 ParOldGen       total 92672K, used 45002K [0x00000000e0000000, 0x00000000e5a80000, 0x00000000f5580000)
  object space 92672K, 48% used [0x00000000e0000000,0x00000000e2bf2b80,0x00000000e5a80000)
 Metaspace       used 83147K, capacity 89864K, committed 90112K, reserved 1126400K
  class space    used 10128K, capacity 12262K, committed 12288K, reserved 1048576K
Event: 1661.019 GC heap after
Heap after GC invocations=30 (full 4):
 PSYoungGen      total 71168K, used 13834K [0x00000000f5580000, 0x00000000fac80000, 0x0000000100000000)
  eden space 55296K, 0% used [0x00000000f5580000,0x00000000f5580000,0x00000000f8b80000)
  from space 15872K, 87% used [0x00000000f9c80000,0x00000000faa02918,0x00000000fac00000)
  to   space 16896K, 0% used [0x00000000f8b80000,0x00000000f8b80000,0x00000000f9c00000)
 ParOldGen       total 92672K, used 45010K [0x00000000e0000000, 0x00000000e5a80000, 0x00000000f5580000)
  object space 92672K, 48% used [0x00000000e0000000,0x00000000e2bf4b80,0x00000000e5a80000)
 Metaspace       used 83147K, capacity 89864K, committed 90112K, reserved 1126400K
  class space    used 10128K, capacity 12262K, committed 12288K, reserved 1048576K
}
Event: 1750.080 GC heap before
{Heap before GC invocations=31 (full 4):
 PSYoungGen      total 71168K, used 69130K [0x00000000f5580000, 0x00000000fac80000, 0x0000000100000000)
  eden space 55296K, 100% used [0x00000000f5580000,0x00000000f8b80000,0x00000000f8b80000)
  from space 15872K, 87% used [0x00000000f9c80000,0x00000000faa02918,0x00000000fac00000)
  to   space 16896K, 0% used [0x00000000f8b80000,0x00000000f8b80000,0x00000000f9c00000)
 ParOldGen       total 92672K, used 45010K [0x00000000e0000000, 0x00000000e5a80000, 0x00000000f5580000)
  object space 92672K, 48% used [0x00000000e0000000,0x00000000e2bf4b80,0x00000000e5a80000)
 Metaspace       used 83468K, capacity 90120K, committed 90496K, reserved 1128448K
  class space    used 10154K, capacity 12326K, committed 12416K, reserved 1048576K
Event: 1750.088 GC heap after
Heap after GC invocations=31 (full 4):
 PSYoungGen      total 67072K, used 12639K [0x00000000f5580000, 0x00000000fab80000, 0x0000000100000000)
  eden space 54272K, 0% used [0x00000000f5580000,0x00000000f5580000,0x00000000f8a80000)
  from space 12800K, 98% used [0x00000000f8b80000,0x00000000f97d7fe0,0x00000000f9800000)
  to   space 16896K, 0% used [0x00000000f9b00000,0x00000000f9b00000,0x00000000fab80000)
 ParOldGen       total 92672K, used 45018K [0x00000000e0000000, 0x00000000e5a80000, 0x00000000f5580000)
  object space 92672K, 48% used [0x00000000e0000000,0x00000000e2bf6b80,0x00000000e5a80000)
 Metaspace       used 83468K, capacity 90120K, committed 90496K, reserved 1128448K
  class space    used 10154K, capacity 12326K, committed 12416K, reserved 1048576K
}
Event: 1782.590 GC heap before
{Heap before GC invocations=32 (full 4):
 PSYoungGen      total 67072K, used 66911K [0x00000000f5580000, 0x00000000fab80000, 0x0000000100000000)
  eden space 54272K, 100% used [0x00000000f5580000,0x00000000f8a80000,0x00000000f8a80000)
  from space 12800K, 98% used [0x00000000f8b80000,0x00000000f97d7fe0,0x00000000f9800000)
  to   space 16896K, 0% used [0x00000000f9b00000,0x00000000f9b00000,0x00000000fab80000)
 ParOldGen       total 92672K, used 45018K [0x00000000e0000000, 0x00000000e5a80000, 0x00000000f5580000)
  object space 92672K, 48% used [0x00000000e0000000,0x00000000e2bf6b80,0x00000000e5a80000)
 Metaspace       used 83829K, capacity 90588K, committed 90752K, reserved 1128448K
  class space    used 10190K, capacity 12330K, committed 12416K, reserved 1048576K
Event: 1782.599 GC heap after
Heap after GC invocations=32 (full 4):
 PSYoungGen      total 70144K, used 13438K [0x00000000f5580000, 0x00000000fab80000, 0x0000000100000000)
  eden space 53248K, 0% used [0x00000000f5580000,0x00000000f5580000,0x00000000f8980000)
  from space 16896K, 79% used [0x00000000f9b00000,0x00000000fa81f8f0,0x00000000fab80000)
  to   space 17408K, 0% used [0x00000000f8980000,0x00000000f8980000,0x00000000f9a80000)
 ParOldGen       total 92672K, used 45026K [0x00000000e0000000, 0x00000000e5a80000, 0x00000000f5580000)
  object space 92672K, 48% used [0x00000000e0000000,0x00000000e2bf8b80,0x00000000e5a80000)
 Metaspace       used 83829K, capacity 90588K, committed 90752K, reserved 1128448K
  class space    used 10190K, capacity 12330K, committed 12416K, reserved 1048576K
}

