# JRE version: Java(TM) SE Runtime Environment (8.0_45-b15) (build 1.8.0_45-b15)
# Java VM: Java HotSpot(TM) 64-Bit Server VM (25.45-b02 mixed mode windows-amd64 compressed oops)
Heap:
 PSYoungGen      total 39424K, used 12878K [0x00000000f5580000, 0x00000000f7e80000, 0x0000000100000000)
  eden space 38400K, 30% used [0x00000000f5580000,0x00000000f6115d70,0x00000000f7b00000)
  from space 1024K, 99% used [0x00000000f7c00000,0x00000000f7cfddd0,0x00000000f7d00000)
  to   space 1024K, 0% used [0x00000000f7b00000,0x00000000f7b00000,0x00000000f7c00000)
 ParOldGen       total 128000K, used 62804K [0x00000000e0000000, 0x00000000e7d00000, 0x00000000f5580000)
  object space 128000K, 49% used [0x00000000e0000000,0x00000000e3d551a0,0x00000000e7d00000)
 Metaspace       used 105954K, capacity 113330K, committed 113664K, reserved 1148928K
  class space    used 12370K, capacity 14562K, committed 14592K, reserved 1048576K
GC Heap History (10 events):
Event: 23398.368 GC heap before
{Heap before GC invocations=868 (full 296):
 PSYoungGen      total 39424K, used 3131K [0x00000000f5580000, 0x00000000f7d00000, 0x0000000100000000)
  eden space 38400K, 8% used [0x00000000f5580000,0x00000000f588eef0,0x00000000f7b00000)
  from space 1024K, 0% used [0x00000000f7b00000,0x00000000f7b00000,0x00000000f7c00000)
  to   space 1024K, 0% used [0x00000000f7c00000,0x00000000f7c00000,0x00000000f7d00000)
 ParOldGen       total 128000K, used 62661K [0x00000000e0000000, 0x00000000e7d00000, 0x00000000f5580000)
  object space 128000K, 48% used [0x00000000e0000000,0x00000000e3d31498,0x00000000e7d00000)
 Metaspace       used 105346K, capacity 112806K, committed 113152K, reserved 1148928K
  class space    used 12302K, capacity 14495K, committed 14592K, reserved 1048576K
Event: 23398.372 GC heap after
Heap after GC invocations=868 (full 296):
 PSYoungGen      total 39424K, used 160K [0x00000000f5580000, 0x00000000f7d00000, 0x0000000100000000)
  eden space 38400K, 0% used [0x00000000f5580000,0x00000000f5580000,0x00000000f7b00000)
  from space 1024K, 15% used [0x00000000f7c00000,0x00000000f7c28000,0x00000000f7d00000)
  to   space 1024K, 0% used [0x00000000f7b00000,0x00000000f7b00000,0x00000000f7c00000)
 ParOldGen       total 128000K, used 62661K [0x00000000e0000000, 0x00000000e7d00000, 0x00000000f5580000)
  object space 128000K, 48% used [0x00000000e0000000,0x00000000e3d31498,0x00000000e7d00000)
 Metaspace       used 105346K, capacity 112806K, committed 113152K, reserved 1148928K
  class space    used 12302K, capacity 14495K, committed 14592K, reserved 1048576K
}
Event: 23398.372 GC heap before
{Heap before GC invocations=869 (full 297):
 PSYoungGen      total 39424K, used 160K [0x00000000f5580000, 0x00000000f7d00000, 0x0000000100000000)
  eden space 38400K, 0% used [0x00000000f5580000,0x00000000f5580000,0x00000000f7b00000)
  from space 1024K, 15% used [0x00000000f7c00000,0x00000000f7c28000,0x00000000f7d00000)
  to   space 1024K, 0% used [0x00000000f7b00000,0x00000000f7b00000,0x00000000f7c00000)
 ParOldGen       total 128000K, used 62661K [0x00000000e0000000, 0x00000000e7d00000, 0x00000000f5580000)
  object space 128000K, 48% used [0x00000000e0000000,0x00000000e3d31498,0x00000000e7d00000)
 Metaspace       used 105346K, capacity 112806K, committed 113152K, reserved 1148928K
  class space    used 12302K, capacity 14495K, committed 14592K, reserved 1048576K
Event: 23398.529 GC heap after
Heap after GC invocations=869 (full 297):
 PSYoungGen      total 39424K, used 0K [0x00000000f5580000, 0x00000000f7d00000, 0x0000000100000000)
  eden space 38400K, 0% used [0x00000000f5580000,0x00000000f5580000,0x00000000f7b00000)
  from space 1024K, 0% used [0x00000000f7c00000,0x00000000f7c00000,0x00000000f7d00000)
  to   space 1024K, 0% used [0x00000000f7b00000,0x00000000f7b00000,0x00000000f7c00000)
 ParOldGen       total 128000K, used 62660K [0x00000000e0000000, 0x00000000e7d00000, 0x00000000f5580000)
  object space 128000K, 48% used [0x00000000e0000000,0x00000000e3d310a0,0x00000000e7d00000)
 Metaspace       used 105346K, capacity 112806K, committed 113152K, reserved 1148928K
  class space    used 12302K, capacity 14495K, committed 14592K, reserved 1048576K
}
Event: 23458.369 GC heap before
{Heap before GC invocations=870 (full 297):
 PSYoungGen      total 39424K, used 8213K [0x00000000f5580000, 0x00000000f7d00000, 0x0000000100000000)
  eden space 38400K, 21% used [0x00000000f5580000,0x00000000f5d85740,0x00000000f7b00000)
  from space 1024K, 0% used [0x00000000f7c00000,0x00000000f7c00000,0x00000000f7d00000)
  to   space 1024K, 0% used [0x00000000f7b00000,0x00000000f7b00000,0x00000000f7c00000)
 ParOldGen       total 128000K, used 62660K [0x00000000e0000000, 0x00000000e7d00000, 0x00000000f5580000)
  object space 128000K, 48% used [0x00000000e0000000,0x00000000e3d310a0,0x00000000e7d00000)
 Metaspace       used 105346K, capacity 112806K, committed 113152K, reserved 1148928K
  class space    used 12302K, capacity 14495K, committed 14592K, reserved 1048576K
Event: 23458.372 GC heap after
Heap after GC invocations=870 (full 297):
 PSYoungGen      total 39424K, used 480K [0x00000000f5580000, 0x00000000f7d00000, 0x0000000100000000)
  eden space 38400K, 0% used [0x00000000f5580000,0x00000000f5580000,0x00000000f7b00000)
  from space 1024K, 46% used [0x00000000f7b00000,0x00000000f7b78000,0x00000000f7c00000)
  to   space 1024K, 0% used [0x00000000f7c00000,0x00000000f7c00000,0x00000000f7d00000)
 ParOldGen       total 128000K, used 62660K [0x00000000e0000000, 0x00000000e7d00000, 0x00000000f5580000)
  object space 128000K, 48% used [0x00000000e0000000,0x00000000e3d310a0,0x00000000e7d00000)
 Metaspace       used 105346K, capacity 112806K, committed 113152K, reserved 1148928K
  class space    used 12302K, capacity 14495K, committed 14592K, reserved 1048576K
}
Event: 23458.372 GC heap before
{Heap before GC invocations=871 (full 298):
 PSYoungGen      total 39424K, used 480K [0x00000000f5580000, 0x00000000f7d00000, 0x0000000100000000)
  eden space 38400K, 0% used [0x00000000f5580000,0x00000000f5580000,0x00000000f7b00000)
  from space 1024K, 46% used [0x00000000f7b00000,0x00000000f7b78000,0x00000000f7c00000)
  to   space 1024K, 0% used [0x00000000f7c00000,0x00000000f7c00000,0x00000000f7d00000)
 ParOldGen       total 128000K, used 62660K [0x00000000e0000000, 0x00000000e7d00000, 0x00000000f5580000)
  object space 128000K, 48% used [0x00000000e0000000,0x00000000e3d310a0,0x00000000e7d00000)
 Metaspace       used 105346K, capacity 112806K, committed 113152K, reserved 1148928K
  class space    used 12302K, capacity 14495K, committed 14592K, reserved 1048576K
Event: 23458.484 GC heap after
Heap after GC invocations=871 (full 298):
 PSYoungGen      total 39424K, used 0K [0x00000000f5580000, 0x00000000f7d00000, 0x0000000100000000)
  eden space 38400K, 0% used [0x00000000f5580000,0x00000000f5580000,0x00000000f7b00000)
  from space 1024K, 0% used [0x00000000f7b00000,0x00000000f7b00000,0x00000000f7c00000)
  to   space 1024K, 0% used [0x00000000f7c00000,0x00000000f7c00000,0x00000000f7d00000)
 ParOldGen       total 128000K, used 62796K [0x00000000e0000000, 0x00000000e7d00000, 0x00000000f5580000)
  object space 128000K, 49% used [0x00000000e0000000,0x00000000e3d531a0,0x00000000e7d00000)
 Metaspace       used 105346K, capacity 112806K, committed 113152K, reserved 1148928K
  class space    used 12302K, capacity 14495K, committed 14592K, reserved 1048576K
}
Event: 23483.485 GC heap before
{Heap before GC invocations=872 (full 298):
 PSYoungGen      total 39424K, used 38400K [0x00000000f5580000, 0x00000000f7d00000, 0x0000000100000000)
  eden space 38400K, 100% used [0x00000000f5580000,0x00000000f7b00000,0x00000000f7b00000)
  from space 1024K, 0% used [0x00000000f7b00000,0x00000000f7b00000,0x00000000f7c00000)
  to   space 1024K, 0% used [0x00000000f7c00000,0x00000000f7c00000,0x00000000f7d00000)
 ParOldGen       total 128000K, used 62796K [0x00000000e0000000, 0x00000000e7d00000, 0x00000000f5580000)
  object space 128000K, 49% used [0x00000000e0000000,0x00000000e3d531a0,0x00000000e7d00000)
 Metaspace       used 105595K, capacity 112966K, committed 113408K, reserved 1148928K
  class space    used 12332K, capacity 14527K, committed 14592K, reserved 1048576K
Event: 23483.490 GC heap after
Heap after GC invocations=872 (full 298):
 PSYoungGen      total 39424K, used 1015K [0x00000000f5580000, 0x00000000f7e80000, 0x0000000100000000)
  eden space 38400K, 0% used [0x00000000f5580000,0x00000000f5580000,0x00000000f7b00000)
  from space 1024K, 99% used [0x00000000f7c00000,0x00000000f7cfddd0,0x00000000f7d00000)
  to   space 1024K, 0% used [0x00000000f7b00000,0x00000000f7b00000,0x00000000f7c00000)
 ParOldGen       total 128000K, used 62804K [0x00000000e0000000, 0x00000000e7d00000, 0x00000000f5580000)
  object space 128000K, 49% used [0x00000000e0000000,0x00000000e3d551a0,0x00000000e7d00000)
 Metaspace       used 105595K, capacity 112966K, committed 113408K, reserved 1148928K
  class space    used 12332K, capacity 14527K, committed 14592K, reserved 1048576K
}

