# JRE version: Java(TM) SE Runtime Environment (8.0_45-b15) (build 1.8.0_45-b15)
# Java VM: Java HotSpot(TM) 64-Bit Server VM (25.45-b02 mixed mode windows-amd64 compressed oops)
Heap:
 PSYoungGen      total 121856K, used 107366K [0x00000000f5580000, 0x00000000fe900000, 0x0000000100000000)
  eden space 95744K, 90% used [0x00000000f5580000,0x00000000faa770a0,0x00000000fb300000)
  from space 26112K, 77% used [0x00000000fce80000,0x00000000fe262948,0x00000000fe800000)
  to   space 27648K, 0% used [0x00000000fb300000,0x00000000fb300000,0x00000000fce00000)
 ParOldGen       total 85504K, used 36955K [0x00000000e0000000, 0x00000000e5380000, 0x00000000f5580000)
  object space 85504K, 43% used [0x00000000e0000000,0x00000000e2416c90,0x00000000e5380000)
 Metaspace       used 83938K, capacity 90762K, committed 90880K, reserved 1128448K
  class space    used 10378K, capacity 12475K, committed 12544K, reserved 1048576K
GC Heap History (10 events):
Event: 9.301 GC heap before
{Heap before GC invocations=15 (full 3):
 PSYoungGen      total 77824K, used 57344K [0x00000000f5580000, 0x00000000fcb80000, 0x0000000100000000)
  eden space 57344K, 100% used [0x00000000f5580000,0x00000000f8d80000,0x00000000f8d80000)
  from space 20480K, 0% used [0x00000000f8d80000,0x00000000f8d80000,0x00000000fa180000)
  to   space 20480K, 0% used [0x00000000fb780000,0x00000000fb780000,0x00000000fcb80000)
 ParOldGen       total 85504K, used 32541K [0x00000000e0000000, 0x00000000e5380000, 0x00000000f5580000)
  object space 85504K, 38% used [0x00000000e0000000,0x00000000e1fc76a0,0x00000000e5380000)
 Metaspace       used 60916K, capacity 65880K, committed 66176K, reserved 1105920K
  class space    used 7545K, capacity 9036K, committed 9088K, reserved 1048576K
Event: 9.312 GC heap after
Heap after GC invocations=15 (full 3):
 PSYoungGen      total 82944K, used 10866K [0x00000000f5580000, 0x00000000fc280000, 0x0000000100000000)
  eden space 71680K, 0% used [0x00000000f5580000,0x00000000f5580000,0x00000000f9b80000)
  from space 11264K, 96% used [0x00000000fb780000,0x00000000fc21cb18,0x00000000fc280000)
  to   space 19968K, 0% used [0x00000000f9b80000,0x00000000f9b80000,0x00000000faf00000)
 ParOldGen       total 85504K, used 32549K [0x00000000e0000000, 0x00000000e5380000, 0x00000000f5580000)
  object space 85504K, 38% used [0x00000000e0000000,0x00000000e1fc96a0,0x00000000e5380000)
 Metaspace       used 60916K, capacity 65880K, committed 66176K, reserved 1105920K
  class space    used 7545K, capacity 9036K, committed 9088K, reserved 1048576K
}
Event: 10.181 GC heap before
{Heap before GC invocations=16 (full 3):
 PSYoungGen      total 82944K, used 82545K [0x00000000f5580000, 0x00000000fc280000, 0x0000000100000000)
  eden space 71680K, 99% used [0x00000000f5580000,0x00000000f9b7f9c8,0x00000000f9b80000)
  from space 11264K, 96% used [0x00000000fb780000,0x00000000fc21cb18,0x00000000fc280000)
  to   space 19968K, 0% used [0x00000000f9b80000,0x00000000f9b80000,0x00000000faf00000)
 ParOldGen       total 85504K, used 32549K [0x00000000e0000000, 0x00000000e5380000, 0x00000000f5580000)
  object space 85504K, 38% used [0x00000000e0000000,0x00000000e1fc96a0,0x00000000e5380000)
 Metaspace       used 68388K, capacity 74204K, committed 74240K, reserved 1114112K
  class space    used 8488K, capacity 10229K, committed 10240K, reserved 1048576K
Event: 10.194 GC heap after
Heap after GC invocations=16 (full 3):
 PSYoungGen      total 91648K, used 19959K [0x00000000f5580000, 0x00000000fd700000, 0x0000000100000000)
  eden space 71680K, 0% used [0x00000000f5580000,0x00000000f5580000,0x00000000f9b80000)
  from space 19968K, 99% used [0x00000000f9b80000,0x00000000faefde08,0x00000000faf00000)
  to   space 22528K, 0% used [0x00000000fc100000,0x00000000fc100000,0x00000000fd700000)
 ParOldGen       total 85504K, used 32763K [0x00000000e0000000, 0x00000000e5380000, 0x00000000f5580000)
  object space 85504K, 38% used [0x00000000e0000000,0x00000000e1ffecb0,0x00000000e5380000)
 Metaspace       used 68388K, capacity 74204K, committed 74240K, reserved 1114112K
  class space    used 8488K, capacity 10229K, committed 10240K, reserved 1048576K
}
Event: 32.712 GC heap before
{Heap before GC invocations=17 (full 3):
 PSYoungGen      total 91648K, used 91639K [0x00000000f5580000, 0x00000000fd700000, 0x0000000100000000)
  eden space 71680K, 100% used [0x00000000f5580000,0x00000000f9b80000,0x00000000f9b80000)
  from space 19968K, 99% used [0x00000000f9b80000,0x00000000faefde08,0x00000000faf00000)
  to   space 22528K, 0% used [0x00000000fc100000,0x00000000fc100000,0x00000000fd700000)
 ParOldGen       total 85504K, used 32763K [0x00000000e0000000, 0x00000000e5380000, 0x00000000f5580000)
  object space 85504K, 38% used [0x00000000e0000000,0x00000000e1ffecb0,0x00000000e5380000)
 Metaspace       used 75739K, capacity 81800K, committed 82048K, reserved 1120256K
  class space    used 9474K, capacity 11292K, committed 11392K, reserved 1048576K
Event: 32.729 GC heap after
Heap after GC invocations=17 (full 3):
 PSYoungGen      total 107520K, used 20141K [0x00000000f5580000, 0x00000000fd880000, 0x0000000100000000)
  eden space 84992K, 0% used [0x00000000f5580000,0x00000000f5580000,0x00000000fa880000)
  from space 22528K, 89% used [0x00000000fc100000,0x00000000fd4ab6e0,0x00000000fd700000)
  to   space 24576K, 0% used [0x00000000fa880000,0x00000000fa880000,0x00000000fc080000)
 ParOldGen       total 85504K, used 36939K [0x00000000e0000000, 0x00000000e5380000, 0x00000000f5580000)
  object space 85504K, 43% used [0x00000000e0000000,0x00000000e2412c90,0x00000000e5380000)
 Metaspace       used 75739K, capacity 81800K, committed 82048K, reserved 1120256K
  class space    used 9474K, capacity 11292K, committed 11392K, reserved 1048576K
}
Event: 58.872 GC heap before
{Heap before GC invocations=18 (full 3):
 PSYoungGen      total 107520K, used 105133K [0x00000000f5580000, 0x00000000fd880000, 0x0000000100000000)
  eden space 84992K, 100% used [0x00000000f5580000,0x00000000fa880000,0x00000000fa880000)
  from space 22528K, 89% used [0x00000000fc100000,0x00000000fd4ab6e0,0x00000000fd700000)
  to   space 24576K, 0% used [0x00000000fa880000,0x00000000fa880000,0x00000000fc080000)
 ParOldGen       total 85504K, used 36939K [0x00000000e0000000, 0x00000000e5380000, 0x00000000f5580000)
  object space 85504K, 43% used [0x00000000e0000000,0x00000000e2412c90,0x00000000e5380000)
 Metaspace       used 79100K, capacity 85686K, committed 85888K, reserved 1124352K
  class space    used 9880K, capacity 11900K, committed 11904K, reserved 1048576K
Event: 58.884 GC heap after
Heap after GC invocations=18 (full 3):
 PSYoungGen      total 109568K, used 19283K [0x00000000f5580000, 0x00000000fe800000, 0x0000000100000000)
  eden space 84992K, 0% used [0x00000000f5580000,0x00000000f5580000,0x00000000fa880000)
  from space 24576K, 78% used [0x00000000fa880000,0x00000000fbb54e20,0x00000000fc080000)
  to   space 26112K, 0% used [0x00000000fce80000,0x00000000fce80000,0x00000000fe800000)
 ParOldGen       total 85504K, used 36947K [0x00000000e0000000, 0x00000000e5380000, 0x00000000f5580000)
  object space 85504K, 43% used [0x00000000e0000000,0x00000000e2414c90,0x00000000e5380000)
 Metaspace       used 79100K, capacity 85686K, committed 85888K, reserved 1124352K
  class space    used 9880K, capacity 11900K, committed 11904K, reserved 1048576K
}
Event: 83.243 GC heap before
{Heap before GC invocations=19 (full 3):
 PSYoungGen      total 109568K, used 104275K [0x00000000f5580000, 0x00000000fe800000, 0x0000000100000000)
  eden space 84992K, 100% used [0x00000000f5580000,0x00000000fa880000,0x00000000fa880000)
  from space 24576K, 78% used [0x00000000fa880000,0x00000000fbb54e20,0x00000000fc080000)
  to   space 26112K, 0% used [0x00000000fce80000,0x00000000fce80000,0x00000000fe800000)
 ParOldGen       total 85504K, used 36947K [0x00000000e0000000, 0x00000000e5380000, 0x00000000f5580000)
  object space 85504K, 43% used [0x00000000e0000000,0x00000000e2414c90,0x00000000e5380000)
 Metaspace       used 81376K, capacity 88074K, committed 88320K, reserved 1126400K
  class space    used 10112K, capacity 12178K, committed 12288K, reserved 1048576K
Event: 83.256 GC heap after
Heap after GC invocations=19 (full 3):
 PSYoungGen      total 121856K, used 20362K [0x00000000f5580000, 0x00000000fe900000, 0x0000000100000000)
  eden space 95744K, 0% used [0x00000000f5580000,0x00000000f5580000,0x00000000fb300000)
  from space 26112K, 77% used [0x00000000fce80000,0x00000000fe262948,0x00000000fe800000)
  to   space 27648K, 0% used [0x00000000fb300000,0x00000000fb300000,0x00000000fce00000)
 ParOldGen       total 85504K, used 36955K [0x00000000e0000000, 0x00000000e5380000, 0x00000000f5580000)
  object space 85504K, 43% used [0x00000000e0000000,0x00000000e2416c90,0x00000000e5380000)
 Metaspace       used 81376K, capacity 88074K, committed 88320K, reserved 1126400K
  class space    used 10112K, capacity 12178K, committed 12288K, reserved 1048576K
}

