# JRE version: Java(TM) SE Runtime Environment (8.0_45-b15) (build 1.8.0_45-b15)
# Java VM: Java HotSpot(TM) 64-Bit Server VM (25.45-b02 mixed mode windows-amd64 compressed oops)
Heap:
 PSYoungGen      total 128512K, used 91927K [0x00000000f5580000, 0x00000000ff780000, 0x0000000100000000)
  eden space 128000K, 71% used [0x00000000f5580000,0x00000000faf45f88,0x00000000fd280000)
  from space 512K, 0% used [0x00000000fd280000,0x00000000fd280000,0x00000000fd300000)
  to   space 18944K, 0% used [0x00000000fe500000,0x00000000fe500000,0x00000000ff780000)
 ParOldGen       total 92672K, used 54989K [0x00000000e0000000, 0x00000000e5a80000, 0x00000000f5580000)
  object space 92672K, 59% used [0x00000000e0000000,0x00000000e35b3740,0x00000000e5a80000)
 Metaspace       used 93462K, capacity 100712K, committed 100992K, reserved 1136640K
  class space    used 11282K, capacity 13598K, committed 13696K, reserved 1048576K
GC Heap History (10 events):
Event: 603.474 GC heap before
{Heap before GC invocations=42 (full 11):
 PSYoungGen      total 132096K, used 4071K [0x00000000f5580000, 0x00000000ff980000, 0x0000000100000000)
  eden space 128000K, 0% used [0x00000000f5580000,0x00000000f5580000,0x00000000fd280000)
  from space 4096K, 99% used [0x00000000fd280000,0x00000000fd679f80,0x00000000fd680000)
  to   space 19968K, 0% used [0x00000000fe600000,0x00000000fe600000,0x00000000ff980000)
 ParOldGen       total 92672K, used 55659K [0x00000000e0000000, 0x00000000e5a80000, 0x00000000f5580000)
  object space 92672K, 60% used [0x00000000e0000000,0x00000000e365ae70,0x00000000e5a80000)
 Metaspace       used 92135K, capacity 99474K, committed 99584K, reserved 1134592K
  class space    used 11159K, capacity 13467K, committed 13568K, reserved 1048576K
Event: 603.824 GC heap after
Heap after GC invocations=42 (full 11):
 PSYoungGen      total 132096K, used 0K [0x00000000f5580000, 0x00000000ff980000, 0x0000000100000000)
  eden space 128000K, 0% used [0x00000000f5580000,0x00000000f5580000,0x00000000fd280000)
  from space 4096K, 0% used [0x00000000fd280000,0x00000000fd280000,0x00000000fd680000)
  to   space 19968K, 0% used [0x00000000fe600000,0x00000000fe600000,0x00000000ff980000)
 ParOldGen       total 92672K, used 57255K [0x00000000e0000000, 0x00000000e5a80000, 0x00000000f5580000)
  object space 92672K, 61% used [0x00000000e0000000,0x00000000e37e9fd8,0x00000000e5a80000)
 Metaspace       used 92135K, capacity 99474K, committed 99584K, reserved 1134592K
  class space    used 11159K, capacity 13467K, committed 13568K, reserved 1048576K
}
Event: 663.472 GC heap before
{Heap before GC invocations=43 (full 11):
 PSYoungGen      total 132096K, used 62814K [0x00000000f5580000, 0x00000000ff980000, 0x0000000100000000)
  eden space 128000K, 49% used [0x00000000f5580000,0x00000000f92d7a10,0x00000000fd280000)
  from space 4096K, 0% used [0x00000000fd280000,0x00000000fd280000,0x00000000fd680000)
  to   space 19968K, 0% used [0x00000000fe600000,0x00000000fe600000,0x00000000ff980000)
 ParOldGen       total 92672K, used 57255K [0x00000000e0000000, 0x00000000e5a80000, 0x00000000f5580000)
  object space 92672K, 61% used [0x00000000e0000000,0x00000000e37e9fd8,0x00000000e5a80000)
 Metaspace       used 92472K, capacity 99870K, committed 100096K, reserved 1136640K
  class space    used 11186K, capacity 13533K, committed 13568K, reserved 1048576K
Event: 663.476 GC heap after
Heap after GC invocations=43 (full 11):
 PSYoungGen      total 146944K, used 1439K [0x00000000f5580000, 0x00000000ff880000, 0x0000000100000000)
  eden space 128000K, 0% used [0x00000000f5580000,0x00000000f5580000,0x00000000fd280000)
  from space 18944K, 7% used [0x00000000fe600000,0x00000000fe767cb8,0x00000000ff880000)
  to   space 19456K, 0% used [0x00000000fd280000,0x00000000fd280000,0x00000000fe580000)
 ParOldGen       total 92672K, used 57263K [0x00000000e0000000, 0x00000000e5a80000, 0x00000000f5580000)
  object space 92672K, 61% used [0x00000000e0000000,0x00000000e37ebfd8,0x00000000e5a80000)
 Metaspace       used 92472K, capacity 99870K, committed 100096K, reserved 1136640K
  class space    used 11186K, capacity 13533K, committed 13568K, reserved 1048576K
}
Event: 663.476 GC heap before
{Heap before GC invocations=44 (full 12):
 PSYoungGen      total 146944K, used 1439K [0x00000000f5580000, 0x00000000ff880000, 0x0000000100000000)
  eden space 128000K, 0% used [0x00000000f5580000,0x00000000f5580000,0x00000000fd280000)
  from space 18944K, 7% used [0x00000000fe600000,0x00000000fe767cb8,0x00000000ff880000)
  to   space 19456K, 0% used [0x00000000fd280000,0x00000000fd280000,0x00000000fe580000)
 ParOldGen       total 92672K, used 57263K [0x00000000e0000000, 0x00000000e5a80000, 0x00000000f5580000)
  object space 92672K, 61% used [0x00000000e0000000,0x00000000e37ebfd8,0x00000000e5a80000)
 Metaspace       used 92472K, capacity 99870K, committed 100096K, reserved 1136640K
  class space    used 11186K, capacity 13533K, committed 13568K, reserved 1048576K
Event: 663.776 GC heap after
Heap after GC invocations=44 (full 12):
 PSYoungGen      total 146944K, used 0K [0x00000000f5580000, 0x00000000ff880000, 0x0000000100000000)
  eden space 128000K, 0% used [0x00000000f5580000,0x00000000f5580000,0x00000000fd280000)
  from space 18944K, 0% used [0x00000000fe600000,0x00000000fe600000,0x00000000ff880000)
  to   space 19456K, 0% used [0x00000000fd280000,0x00000000fd280000,0x00000000fe580000)
 ParOldGen       total 92672K, used 55771K [0x00000000e0000000, 0x00000000e5a80000, 0x00000000f5580000)
  object space 92672K, 60% used [0x00000000e0000000,0x00000000e3676e80,0x00000000e5a80000)
 Metaspace       used 92472K, capacity 99870K, committed 100096K, reserved 1136640K
  class space    used 11186K, capacity 13533K, committed 13568K, reserved 1048576K
}
Event: 723.486 GC heap before
{Heap before GC invocations=45 (full 12):
 PSYoungGen      total 146944K, used 4570K [0x00000000f5580000, 0x00000000ff880000, 0x0000000100000000)
  eden space 128000K, 3% used [0x00000000f5580000,0x00000000f59f6ab0,0x00000000fd280000)
  from space 18944K, 0% used [0x00000000fe600000,0x00000000fe600000,0x00000000ff880000)
  to   space 19456K, 0% used [0x00000000fd280000,0x00000000fd280000,0x00000000fe580000)
 ParOldGen       total 92672K, used 55771K [0x00000000e0000000, 0x00000000e5a80000, 0x00000000f5580000)
  object space 92672K, 60% used [0x00000000e0000000,0x00000000e3676e80,0x00000000e5a80000)
 Metaspace       used 92504K, capacity 99934K, committed 100096K, reserved 1136640K
  class space    used 11186K, capacity 13533K, committed 13568K, reserved 1048576K
Event: 723.489 GC heap after
Heap after GC invocations=45 (full 12):
 PSYoungGen      total 128512K, used 224K [0x00000000f5580000, 0x00000000ff780000, 0x0000000100000000)
  eden space 128000K, 0% used [0x00000000f5580000,0x00000000f5580000,0x00000000fd280000)
  from space 512K, 43% used [0x00000000fd280000,0x00000000fd2b8000,0x00000000fd300000)
  to   space 18944K, 0% used [0x00000000fe500000,0x00000000fe500000,0x00000000ff780000)
 ParOldGen       total 92672K, used 55779K [0x00000000e0000000, 0x00000000e5a80000, 0x00000000f5580000)
  object space 92672K, 60% used [0x00000000e0000000,0x00000000e3678e80,0x00000000e5a80000)
 Metaspace       used 92504K, capacity 99934K, committed 100096K, reserved 1136640K
  class space    used 11186K, capacity 13533K, committed 13568K, reserved 1048576K
}
Event: 723.489 GC heap before
{Heap before GC invocations=46 (full 13):
 PSYoungGen      total 128512K, used 224K [0x00000000f5580000, 0x00000000ff780000, 0x0000000100000000)
  eden space 128000K, 0% used [0x00000000f5580000,0x00000000f5580000,0x00000000fd280000)
  from space 512K, 43% used [0x00000000fd280000,0x00000000fd2b8000,0x00000000fd300000)
  to   space 18944K, 0% used [0x00000000fe500000,0x00000000fe500000,0x00000000ff780000)
 ParOldGen       total 92672K, used 55779K [0x00000000e0000000, 0x00000000e5a80000, 0x00000000f5580000)
  object space 92672K, 60% used [0x00000000e0000000,0x00000000e3678e80,0x00000000e5a80000)
 Metaspace       used 92504K, capacity 99934K, committed 100096K, reserved 1136640K
  class space    used 11186K, capacity 13533K, committed 13568K, reserved 1048576K
Event: 723.768 GC heap after
Heap after GC invocations=46 (full 13):
 PSYoungGen      total 128512K, used 0K [0x00000000f5580000, 0x00000000ff780000, 0x0000000100000000)
  eden space 128000K, 0% used [0x00000000f5580000,0x00000000f5580000,0x00000000fd280000)
  from space 512K, 0% used [0x00000000fd280000,0x00000000fd280000,0x00000000fd300000)
  to   space 18944K, 0% used [0x00000000fe500000,0x00000000fe500000,0x00000000ff780000)
 ParOldGen       total 92672K, used 54989K [0x00000000e0000000, 0x00000000e5a80000, 0x00000000f5580000)
  object space 92672K, 59% used [0x00000000e0000000,0x00000000e35b3740,0x00000000e5a80000)
 Metaspace       used 92504K, capacity 99934K, committed 100096K, reserved 1136640K
  class space    used 11186K, capacity 13533K, committed 13568K, reserved 1048576K
}

