# JRE version: Java(TM) SE Runtime Environment (8.0_45-b15) (build 1.8.0_45-b15)
# Java VM: Java HotSpot(TM) 64-Bit Server VM (25.45-b02 mixed mode windows-amd64 compressed oops)
Heap:
 PSYoungGen      total 110592K, used 86315K [0x00000000f5580000, 0x00000000fef00000, 0x0000000100000000)
  eden space 87040K, 72% used [0x00000000f5580000,0x00000000f92cec28,0x00000000faa80000)
  from space 23552K, 99% used [0x00000000faa80000,0x00000000fc17c3d0,0x00000000fc180000)
  to   space 27648K, 0% used [0x00000000fd400000,0x00000000fd400000,0x00000000fef00000)
 ParOldGen       total 96768K, used 33227K [0x00000000e0000000, 0x00000000e5e80000, 0x00000000f5580000)
  object space 96768K, 34% used [0x00000000e0000000,0x00000000e2072dc0,0x00000000e5e80000)
 Metaspace       used 79955K, capacity 86722K, committed 86912K, reserved 1124352K
  class space    used 9943K, capacity 12044K, committed 12160K, reserved 1048576K
GC Heap History (10 events):
Event: 4.435 GC heap before
{Heap before GC invocations=12 (full 2):
 PSYoungGen      total 76288K, used 18781K [0x00000000f5580000, 0x00000000fc280000, 0x0000000100000000)
  eden space 59904K, 4% used [0x00000000f5580000,0x00000000f57dc190,0x00000000f9000000)
  from space 16384K, 99% used [0x00000000f9000000,0x00000000f9ffb2a8,0x00000000fa000000)
  to   space 19968K, 0% used [0x00000000faf00000,0x00000000faf00000,0x00000000fc280000)
 ParOldGen       total 77824K, used 28651K [0x00000000e0000000, 0x00000000e4c00000, 0x00000000f5580000)
  object space 77824K, 36% used [0x00000000e0000000,0x00000000e1bfae38,0x00000000e4c00000)
 Metaspace       used 54349K, capacity 58980K, committed 59136K, reserved 1099776K
  class space    used 6746K, capacity 8184K, committed 8192K, reserved 1048576K
Event: 4.442 GC heap after
Heap after GC invocations=12 (full 2):
 PSYoungGen      total 92672K, used 10073K [0x00000000f5580000, 0x00000000fc700000, 0x0000000100000000)
  eden space 72704K, 0% used [0x00000000f5580000,0x00000000f5580000,0x00000000f9c80000)
  from space 19968K, 50% used [0x00000000faf00000,0x00000000fb8d6430,0x00000000fc280000)
  to   space 18944K, 0% used [0x00000000f9c80000,0x00000000f9c80000,0x00000000faf00000)
 ParOldGen       total 77824K, used 28659K [0x00000000e0000000, 0x00000000e4c00000, 0x00000000f5580000)
  object space 77824K, 36% used [0x00000000e0000000,0x00000000e1bfce38,0x00000000e4c00000)
 Metaspace       used 54349K, capacity 58980K, committed 59136K, reserved 1099776K
  class space    used 6746K, capacity 8184K, committed 8192K, reserved 1048576K
}
Event: 4.442 GC heap before
{Heap before GC invocations=13 (full 3):
 PSYoungGen      total 92672K, used 10073K [0x00000000f5580000, 0x00000000fc700000, 0x0000000100000000)
  eden space 72704K, 0% used [0x00000000f5580000,0x00000000f5580000,0x00000000f9c80000)
  from space 19968K, 50% used [0x00000000faf00000,0x00000000fb8d6430,0x00000000fc280000)
  to   space 18944K, 0% used [0x00000000f9c80000,0x00000000f9c80000,0x00000000faf00000)
 ParOldGen       total 77824K, used 28659K [0x00000000e0000000, 0x00000000e4c00000, 0x00000000f5580000)
  object space 77824K, 36% used [0x00000000e0000000,0x00000000e1bfce38,0x00000000e4c00000)
 Metaspace       used 54349K, capacity 58980K, committed 59136K, reserved 1099776K
  class space    used 6746K, capacity 8184K, committed 8192K, reserved 1048576K
Event: 4.571 GC heap after
Heap after GC invocations=13 (full 3):
 PSYoungGen      total 92672K, used 0K [0x00000000f5580000, 0x00000000fc700000, 0x0000000100000000)
  eden space 72704K, 0% used [0x00000000f5580000,0x00000000f5580000,0x00000000f9c80000)
  from space 19968K, 0% used [0x00000000faf00000,0x00000000faf00000,0x00000000fc280000)
  to   space 18944K, 0% used [0x00000000f9c80000,0x00000000f9c80000,0x00000000faf00000)
 ParOldGen       total 96768K, used 29540K [0x00000000e0000000, 0x00000000e5e80000, 0x00000000f5580000)
  object space 96768K, 30% used [0x00000000e0000000,0x00000000e1cd91c8,0x00000000e5e80000)
 Metaspace       used 54349K, capacity 58980K, committed 59136K, reserved 1099776K
  class space    used 6746K, capacity 8184K, committed 8192K, reserved 1048576K
}
Event: 5.116 GC heap before
{Heap before GC invocations=14 (full 3):
 PSYoungGen      total 92672K, used 72704K [0x00000000f5580000, 0x00000000fc700000, 0x0000000100000000)
  eden space 72704K, 100% used [0x00000000f5580000,0x00000000f9c80000,0x00000000f9c80000)
  from space 19968K, 0% used [0x00000000faf00000,0x00000000faf00000,0x00000000fc280000)
  to   space 18944K, 0% used [0x00000000f9c80000,0x00000000f9c80000,0x00000000faf00000)
 ParOldGen       total 96768K, used 29540K [0x00000000e0000000, 0x00000000e5e80000, 0x00000000f5580000)
  object space 96768K, 30% used [0x00000000e0000000,0x00000000e1cd91c8,0x00000000e5e80000)
 Metaspace       used 62123K, capacity 67192K, committed 67328K, reserved 1107968K
  class space    used 7787K, capacity 9387K, committed 9472K, reserved 1048576K
Event: 5.129 GC heap after
Heap after GC invocations=14 (full 3):
 PSYoungGen      total 91648K, used 15130K [0x00000000f5580000, 0x00000000fd500000, 0x0000000100000000)
  eden space 72704K, 0% used [0x00000000f5580000,0x00000000f5580000,0x00000000f9c80000)
  from space 18944K, 79% used [0x00000000f9c80000,0x00000000fab46828,0x00000000faf00000)
  to   space 19968K, 0% used [0x00000000fc180000,0x00000000fc180000,0x00000000fd500000)
 ParOldGen       total 96768K, used 29548K [0x00000000e0000000, 0x00000000e5e80000, 0x00000000f5580000)
  object space 96768K, 30% used [0x00000000e0000000,0x00000000e1cdb1c8,0x00000000e5e80000)
 Metaspace       used 62123K, capacity 67192K, committed 67328K, reserved 1107968K
  class space    used 7787K, capacity 9387K, committed 9472K, reserved 1048576K
}
Event: 17.978 GC heap before
{Heap before GC invocations=15 (full 3):
 PSYoungGen      total 91648K, used 87834K [0x00000000f5580000, 0x00000000fd500000, 0x0000000100000000)
  eden space 72704K, 100% used [0x00000000f5580000,0x00000000f9c80000,0x00000000f9c80000)
  from space 18944K, 79% used [0x00000000f9c80000,0x00000000fab46828,0x00000000faf00000)
  to   space 19968K, 0% used [0x00000000fc180000,0x00000000fc180000,0x00000000fd500000)
 ParOldGen       total 96768K, used 29548K [0x00000000e0000000, 0x00000000e5e80000, 0x00000000f5580000)
  object space 96768K, 30% used [0x00000000e0000000,0x00000000e1cdb1c8,0x00000000e5e80000)
 Metaspace       used 70831K, capacity 76732K, committed 76800K, reserved 1116160K
  class space    used 8924K, capacity 10748K, committed 10752K, reserved 1048576K
Event: 17.991 GC heap after
Heap after GC invocations=15 (full 3):
 PSYoungGen      total 107008K, used 19943K [0x00000000f5580000, 0x00000000fd900000, 0x0000000100000000)
  eden space 87040K, 0% used [0x00000000f5580000,0x00000000f5580000,0x00000000faa80000)
  from space 19968K, 99% used [0x00000000fc180000,0x00000000fd4f9c00,0x00000000fd500000)
  to   space 23552K, 0% used [0x00000000faa80000,0x00000000faa80000,0x00000000fc180000)
 ParOldGen       total 96768K, used 31114K [0x00000000e0000000, 0x00000000e5e80000, 0x00000000f5580000)
  object space 96768K, 32% used [0x00000000e0000000,0x00000000e1e62af0,0x00000000e5e80000)
 Metaspace       used 70831K, capacity 76732K, committed 76800K, reserved 1116160K
  class space    used 8924K, capacity 10748K, committed 10752K, reserved 1048576K
}
Event: 36.086 GC heap before
{Heap before GC invocations=16 (full 3):
 PSYoungGen      total 107008K, used 106983K [0x00000000f5580000, 0x00000000fd900000, 0x0000000100000000)
  eden space 87040K, 100% used [0x00000000f5580000,0x00000000faa80000,0x00000000faa80000)
  from space 19968K, 99% used [0x00000000fc180000,0x00000000fd4f9c00,0x00000000fd500000)
  to   space 23552K, 0% used [0x00000000faa80000,0x00000000faa80000,0x00000000fc180000)
 ParOldGen       total 96768K, used 31114K [0x00000000e0000000, 0x00000000e5e80000, 0x00000000f5580000)
  object space 96768K, 32% used [0x00000000e0000000,0x00000000e1e62af0,0x00000000e5e80000)
 Metaspace       used 76721K, capacity 83244K, committed 83456K, reserved 1122304K
  class space    used 9573K, capacity 11506K, committed 11520K, reserved 1048576K
Event: 36.102 GC heap after
Heap after GC invocations=16 (full 3):
 PSYoungGen      total 110592K, used 23536K [0x00000000f5580000, 0x00000000fef00000, 0x0000000100000000)
  eden space 87040K, 0% used [0x00000000f5580000,0x00000000f5580000,0x00000000faa80000)
  from space 23552K, 99% used [0x00000000faa80000,0x00000000fc17c3d0,0x00000000fc180000)
  to   space 27648K, 0% used [0x00000000fd400000,0x00000000fd400000,0x00000000fef00000)
 ParOldGen       total 96768K, used 33227K [0x00000000e0000000, 0x00000000e5e80000, 0x00000000f5580000)
  object space 96768K, 34% used [0x00000000e0000000,0x00000000e2072dc0,0x00000000e5e80000)
 Metaspace       used 76721K, capacity 83244K, committed 83456K, reserved 1122304K
  class space    used 9573K, capacity 11506K, committed 11520K, reserved 1048576K
}

