# JRE version: Java(TM) SE Runtime Environment (8.0_45-b15) (build 1.8.0_45-b15)
# Java VM: Java HotSpot(TM) 64-Bit Server VM (25.45-b02 mixed mode windows-amd64 compressed oops)
Heap:
 PSYoungGen      total 99328K, used 43763K [0x00000000f5580000, 0x00000000fcd80000, 0x0000000100000000)
  eden space 76800K, 56% used [0x00000000f5580000,0x00000000f803cd08,0x00000000fa080000)
  from space 22528K, 0% used [0x00000000fb780000,0x00000000fb780000,0x00000000fcd80000)
  to   space 23040K, 0% used [0x00000000fa080000,0x00000000fa080000,0x00000000fb700000)
 ParOldGen       total 121344K, used 44707K [0x00000000e0000000, 0x00000000e7680000, 0x00000000f5580000)
  object space 121344K, 36% used [0x00000000e0000000,0x00000000e2ba8d70,0x00000000e7680000)
 Metaspace       used 86583K, capacity 93070K, committed 93440K, reserved 1130496K
  class space    used 10604K, capacity 12726K, committed 12800K, reserved 1048576K
GC Heap History (10 events):
Event: 483.787 GC heap before
{Heap before GC invocations=22 (full 5):
 PSYoungGen      total 83456K, used 7989K [0x00000000f5580000, 0x00000000fcf00000, 0x0000000100000000)
  eden space 75264K, 0% used [0x00000000f5580000,0x00000000f5580000,0x00000000f9f00000)
  from space 8192K, 97% used [0x00000000f9f00000,0x00000000fa6cd430,0x00000000fa700000)
  to   space 24576K, 0% used [0x00000000fb700000,0x00000000fb700000,0x00000000fcf00000)
 ParOldGen       total 121344K, used 49302K [0x00000000e0000000, 0x00000000e7680000, 0x00000000f5580000)
  object space 121344K, 40% used [0x00000000e0000000,0x00000000e3025b90,0x00000000e7680000)
 Metaspace       used 83685K, capacity 90092K, committed 90240K, reserved 1126400K
  class space    used 10285K, capacity 12332K, committed 12416K, reserved 1048576K
Event: 483.972 GC heap after
Heap after GC invocations=22 (full 5):
 PSYoungGen      total 83456K, used 0K [0x00000000f5580000, 0x00000000fcf00000, 0x0000000100000000)
  eden space 75264K, 0% used [0x00000000f5580000,0x00000000f5580000,0x00000000f9f00000)
  from space 8192K, 0% used [0x00000000f9f00000,0x00000000f9f00000,0x00000000fa700000)
  to   space 24576K, 0% used [0x00000000fb700000,0x00000000fb700000,0x00000000fcf00000)
 ParOldGen       total 121344K, used 45741K [0x00000000e0000000, 0x00000000e7680000, 0x00000000f5580000)
  object space 121344K, 37% used [0x00000000e0000000,0x00000000e2cab798,0x00000000e7680000)
 Metaspace       used 83662K, capacity 90056K, committed 90240K, reserved 1126400K
  class space    used 10282K, capacity 12326K, committed 12416K, reserved 1048576K
}
Event: 525.098 GC heap before
{Heap before GC invocations=23 (full 5):
 PSYoungGen      total 83456K, used 75264K [0x00000000f5580000, 0x00000000fcf00000, 0x0000000100000000)
  eden space 75264K, 100% used [0x00000000f5580000,0x00000000f9f00000,0x00000000f9f00000)
  from space 8192K, 0% used [0x00000000f9f00000,0x00000000f9f00000,0x00000000fa700000)
  to   space 24576K, 0% used [0x00000000fb700000,0x00000000fb700000,0x00000000fcf00000)
 ParOldGen       total 121344K, used 45741K [0x00000000e0000000, 0x00000000e7680000, 0x00000000f5580000)
  object space 121344K, 37% used [0x00000000e0000000,0x00000000e2cab798,0x00000000e7680000)
 Metaspace       used 85280K, capacity 91770K, committed 92032K, reserved 1128448K
  class space    used 10492K, capacity 12593K, committed 12672K, reserved 1048576K
Event: 525.103 GC heap after
Heap after GC invocations=23 (full 5):
 PSYoungGen      total 100352K, used 3495K [0x00000000f5580000, 0x00000000fcf80000, 0x0000000100000000)
  eden space 75776K, 0% used [0x00000000f5580000,0x00000000f5580000,0x00000000f9f80000)
  from space 24576K, 14% used [0x00000000fb700000,0x00000000fba69d10,0x00000000fcf00000)
  to   space 24064K, 0% used [0x00000000f9f80000,0x00000000f9f80000,0x00000000fb700000)
 ParOldGen       total 121344K, used 45749K [0x00000000e0000000, 0x00000000e7680000, 0x00000000f5580000)
  object space 121344K, 37% used [0x00000000e0000000,0x00000000e2cad798,0x00000000e7680000)
 Metaspace       used 85280K, capacity 91770K, committed 92032K, reserved 1128448K
  class space    used 10492K, capacity 12593K, committed 12672K, reserved 1048576K
}
Event: 539.760 GC heap before
{Heap before GC invocations=24 (full 5):
 PSYoungGen      total 100352K, used 79271K [0x00000000f5580000, 0x00000000fcf80000, 0x0000000100000000)
  eden space 75776K, 100% used [0x00000000f5580000,0x00000000f9f80000,0x00000000f9f80000)
  from space 24576K, 14% used [0x00000000fb700000,0x00000000fba69d10,0x00000000fcf00000)
  to   space 24064K, 0% used [0x00000000f9f80000,0x00000000f9f80000,0x00000000fb700000)
 ParOldGen       total 121344K, used 45749K [0x00000000e0000000, 0x00000000e7680000, 0x00000000f5580000)
  object space 121344K, 37% used [0x00000000e0000000,0x00000000e2cad798,0x00000000e7680000)
 Metaspace       used 85644K, capacity 92064K, committed 92288K, reserved 1128448K
  class space    used 10505K, capacity 12626K, committed 12672K, reserved 1048576K
Event: 539.765 GC heap after
Heap after GC invocations=24 (full 5):
 PSYoungGen      total 99840K, used 3974K [0x00000000f5580000, 0x00000000fce80000, 0x0000000100000000)
  eden space 75776K, 0% used [0x00000000f5580000,0x00000000f5580000,0x00000000f9f80000)
  from space 24064K, 16% used [0x00000000f9f80000,0x00000000fa361968,0x00000000fb700000)
  to   space 23552K, 0% used [0x00000000fb780000,0x00000000fb780000,0x00000000fce80000)
 ParOldGen       total 121344K, used 45757K [0x00000000e0000000, 0x00000000e7680000, 0x00000000f5580000)
  object space 121344K, 37% used [0x00000000e0000000,0x00000000e2caf798,0x00000000e7680000)
 Metaspace       used 85644K, capacity 92064K, committed 92288K, reserved 1128448K
  class space    used 10505K, capacity 12626K, committed 12672K, reserved 1048576K
}
Event: 544.798 GC heap before
{Heap before GC invocations=25 (full 5):
 PSYoungGen      total 99840K, used 5880K [0x00000000f5580000, 0x00000000fce80000, 0x0000000100000000)
  eden space 75776K, 2% used [0x00000000f5580000,0x00000000f575c838,0x00000000f9f80000)
  from space 24064K, 16% used [0x00000000f9f80000,0x00000000fa361968,0x00000000fb700000)
  to   space 23552K, 0% used [0x00000000fb780000,0x00000000fb780000,0x00000000fce80000)
 ParOldGen       total 121344K, used 45757K [0x00000000e0000000, 0x00000000e7680000, 0x00000000f5580000)
  object space 121344K, 37% used [0x00000000e0000000,0x00000000e2caf798,0x00000000e7680000)
 Metaspace       used 85644K, capacity 92064K, committed 92288K, reserved 1128448K
  class space    used 10505K, capacity 12626K, committed 12672K, reserved 1048576K
Event: 544.802 GC heap after
Heap after GC invocations=25 (full 5):
 PSYoungGen      total 99328K, used 3709K [0x00000000f5580000, 0x00000000fcd80000, 0x0000000100000000)
  eden space 76800K, 0% used [0x00000000f5580000,0x00000000f5580000,0x00000000fa080000)
  from space 22528K, 16% used [0x00000000fb780000,0x00000000fbb1f5d8,0x00000000fcd80000)
  to   space 23040K, 0% used [0x00000000fa080000,0x00000000fa080000,0x00000000fb700000)
 ParOldGen       total 121344K, used 45757K [0x00000000e0000000, 0x00000000e7680000, 0x00000000f5580000)
  object space 121344K, 37% used [0x00000000e0000000,0x00000000e2caf798,0x00000000e7680000)
 Metaspace       used 85644K, capacity 92064K, committed 92288K, reserved 1128448K
  class space    used 10505K, capacity 12626K, committed 12672K, reserved 1048576K
}
Event: 544.802 GC heap before
{Heap before GC invocations=26 (full 6):
 PSYoungGen      total 99328K, used 3709K [0x00000000f5580000, 0x00000000fcd80000, 0x0000000100000000)
  eden space 76800K, 0% used [0x00000000f5580000,0x00000000f5580000,0x00000000fa080000)
  from space 22528K, 16% used [0x00000000fb780000,0x00000000fbb1f5d8,0x00000000fcd80000)
  to   space 23040K, 0% used [0x00000000fa080000,0x00000000fa080000,0x00000000fb700000)
 ParOldGen       total 121344K, used 45757K [0x00000000e0000000, 0x00000000e7680000, 0x00000000f5580000)
  object space 121344K, 37% used [0x00000000e0000000,0x00000000e2caf798,0x00000000e7680000)
 Metaspace       used 85644K, capacity 92064K, committed 92288K, reserved 1128448K
  class space    used 10505K, capacity 12626K, committed 12672K, reserved 1048576K
Event: 545.093 GC heap after
Heap after GC invocations=26 (full 6):
 PSYoungGen      total 99328K, used 0K [0x00000000f5580000, 0x00000000fcd80000, 0x0000000100000000)
  eden space 76800K, 0% used [0x00000000f5580000,0x00000000f5580000,0x00000000fa080000)
  from space 22528K, 0% used [0x00000000fb780000,0x00000000fb780000,0x00000000fcd80000)
  to   space 23040K, 0% used [0x00000000fa080000,0x00000000fa080000,0x00000000fb700000)
 ParOldGen       total 121344K, used 44707K [0x00000000e0000000, 0x00000000e7680000, 0x00000000f5580000)
  object space 121344K, 36% used [0x00000000e0000000,0x00000000e2ba8d70,0x00000000e7680000)
 Metaspace       used 85644K, capacity 92064K, committed 92288K, reserved 1128448K
  class space    used 10505K, capacity 12626K, committed 12672K, reserved 1048576K
}

