# JRE version: Java(TM) SE Runtime Environment (8.0_45-b15) (build 1.8.0_45-b15)
# Java VM: Java HotSpot(TM) 64-Bit Server VM (25.45-b02 mixed mode windows-amd64 compressed oops)
Heap:
 PSYoungGen      total 119808K, used 74451K [0x00000000f5580000, 0x00000000fea80000, 0x0000000100000000)
  eden space 90112K, 57% used [0x00000000f5580000,0x00000000f8813e50,0x00000000fad80000)
  from space 29696K, 76% used [0x00000000fcc00000,0x00000000fe220db0,0x00000000fe900000)
  to   space 31232K, 0% used [0x00000000fad80000,0x00000000fad80000,0x00000000fcc00000)
 ParOldGen       total 109568K, used 41414K [0x00000000e0000000, 0x00000000e6b00000, 0x00000000f5580000)
  object space 109568K, 37% used [0x00000000e0000000,0x00000000e2871988,0x00000000e6b00000)
 Metaspace       used 80807K, capacity 87454K, committed 87552K, reserved 1124352K
  class space    used 9927K, capacity 12015K, committed 12032K, reserved 1048576K
GC Heap History (10 events):
Event: 5.386 GC heap before
{Heap before GC invocations=13 (full 3):
 PSYoungGen      total 82432K, used 66048K [0x00000000f5580000, 0x00000000fd080000, 0x0000000100000000)
  eden space 66048K, 100% used [0x00000000f5580000,0x00000000f9600000,0x00000000f9600000)
  from space 16384K, 0% used [0x00000000f9600000,0x00000000f9600000,0x00000000fa600000)
  to   space 21504K, 0% used [0x00000000fbb80000,0x00000000fbb80000,0x00000000fd080000)
 ParOldGen       total 109568K, used 41374K [0x00000000e0000000, 0x00000000e6b00000, 0x00000000f5580000)
  object space 109568K, 37% used [0x00000000e0000000,0x00000000e2867988,0x00000000e6b00000)
 Metaspace       used 63367K, capacity 68504K, committed 68736K, reserved 1107968K
  class space    used 7877K, capacity 9492K, committed 9600K, reserved 1048576K
Event: 5.398 GC heap after
Heap after GC invocations=13 (full 3):
 PSYoungGen      total 92160K, used 13838K [0x00000000f5580000, 0x00000000fca80000, 0x0000000100000000)
  eden space 76800K, 0% used [0x00000000f5580000,0x00000000f5580000,0x00000000fa080000)
  from space 15360K, 90% used [0x00000000fbb80000,0x00000000fc903948,0x00000000fca80000)
  to   space 21504K, 0% used [0x00000000fa080000,0x00000000fa080000,0x00000000fb580000)
 ParOldGen       total 109568K, used 41382K [0x00000000e0000000, 0x00000000e6b00000, 0x00000000f5580000)
  object space 109568K, 37% used [0x00000000e0000000,0x00000000e2869988,0x00000000e6b00000)
 Metaspace       used 63367K, capacity 68504K, committed 68736K, reserved 1107968K
  class space    used 7877K, capacity 9492K, committed 9600K, reserved 1048576K
}
Event: 13.634 GC heap before
{Heap before GC invocations=14 (full 3):
 PSYoungGen      total 92160K, used 90638K [0x00000000f5580000, 0x00000000fca80000, 0x0000000100000000)
  eden space 76800K, 100% used [0x00000000f5580000,0x00000000fa080000,0x00000000fa080000)
  from space 15360K, 90% used [0x00000000fbb80000,0x00000000fc903948,0x00000000fca80000)
  to   space 21504K, 0% used [0x00000000fa080000,0x00000000fa080000,0x00000000fb580000)
 ParOldGen       total 109568K, used 41382K [0x00000000e0000000, 0x00000000e6b00000, 0x00000000f5580000)
  object space 109568K, 37% used [0x00000000e0000000,0x00000000e2869988,0x00000000e6b00000)
 Metaspace       used 70401K, capacity 76106K, committed 76416K, reserved 1116160K
  class space    used 8775K, capacity 10552K, committed 10624K, reserved 1048576K
Event: 13.645 GC heap after
Heap after GC invocations=14 (full 3):
 PSYoungGen      total 98304K, used 20972K [0x00000000f5580000, 0x00000000fda80000, 0x0000000100000000)
  eden space 76800K, 0% used [0x00000000f5580000,0x00000000f5580000,0x00000000fa080000)
  from space 21504K, 97% used [0x00000000fa080000,0x00000000fb4fb300,0x00000000fb580000)
  to   space 24576K, 0% used [0x00000000fc280000,0x00000000fc280000,0x00000000fda80000)
 ParOldGen       total 109568K, used 41390K [0x00000000e0000000, 0x00000000e6b00000, 0x00000000f5580000)
  object space 109568K, 37% used [0x00000000e0000000,0x00000000e286b988,0x00000000e6b00000)
 Metaspace       used 70401K, capacity 76106K, committed 76416K, reserved 1116160K
  class space    used 8775K, capacity 10552K, committed 10624K, reserved 1048576K
}
Event: 48.372 GC heap before
{Heap before GC invocations=15 (full 3):
 PSYoungGen      total 98304K, used 97772K [0x00000000f5580000, 0x00000000fda80000, 0x0000000100000000)
  eden space 76800K, 100% used [0x00000000f5580000,0x00000000fa080000,0x00000000fa080000)
  from space 21504K, 97% used [0x00000000fa080000,0x00000000fb4fb300,0x00000000fb580000)
  to   space 24576K, 0% used [0x00000000fc280000,0x00000000fc280000,0x00000000fda80000)
 ParOldGen       total 109568K, used 41390K [0x00000000e0000000, 0x00000000e6b00000, 0x00000000f5580000)
  object space 109568K, 37% used [0x00000000e0000000,0x00000000e286b988,0x00000000e6b00000)
 Metaspace       used 74317K, capacity 80786K, committed 80896K, reserved 1118208K
  class space    used 9194K, capacity 11205K, committed 11264K, reserved 1048576K
Event: 48.385 GC heap after
Heap after GC invocations=15 (full 3):
 PSYoungGen      total 109056K, used 21994K [0x00000000f5580000, 0x00000000fdd80000, 0x0000000100000000)
  eden space 84480K, 0% used [0x00000000f5580000,0x00000000f5580000,0x00000000fa800000)
  from space 24576K, 89% used [0x00000000fc280000,0x00000000fd7faa60,0x00000000fda80000)
  to   space 27136K, 0% used [0x00000000fa800000,0x00000000fa800000,0x00000000fc280000)
 ParOldGen       total 109568K, used 41398K [0x00000000e0000000, 0x00000000e6b00000, 0x00000000f5580000)
  object space 109568K, 37% used [0x00000000e0000000,0x00000000e286d988,0x00000000e6b00000)
 Metaspace       used 74317K, capacity 80786K, committed 80896K, reserved 1118208K
  class space    used 9194K, capacity 11205K, committed 11264K, reserved 1048576K
}
Event: 80.263 GC heap before
{Heap before GC invocations=16 (full 3):
 PSYoungGen      total 109056K, used 106474K [0x00000000f5580000, 0x00000000fdd80000, 0x0000000100000000)
  eden space 84480K, 100% used [0x00000000f5580000,0x00000000fa800000,0x00000000fa800000)
  from space 24576K, 89% used [0x00000000fc280000,0x00000000fd7faa60,0x00000000fda80000)
  to   space 27136K, 0% used [0x00000000fa800000,0x00000000fa800000,0x00000000fc280000)
 ParOldGen       total 109568K, used 41398K [0x00000000e0000000, 0x00000000e6b00000, 0x00000000f5580000)
  object space 109568K, 37% used [0x00000000e0000000,0x00000000e286d988,0x00000000e6b00000)
 Metaspace       used 77755K, capacity 84408K, committed 84608K, reserved 1122304K
  class space    used 9608K, capacity 11622K, committed 11648K, reserved 1048576K
Event: 80.276 GC heap after
Heap after GC invocations=16 (full 3):
 PSYoungGen      total 111616K, used 23800K [0x00000000f5580000, 0x00000000fe900000, 0x0000000100000000)
  eden space 84480K, 0% used [0x00000000f5580000,0x00000000f5580000,0x00000000fa800000)
  from space 27136K, 87% used [0x00000000fa800000,0x00000000fbf3e298,0x00000000fc280000)
  to   space 29696K, 0% used [0x00000000fcc00000,0x00000000fcc00000,0x00000000fe900000)
 ParOldGen       total 109568K, used 41406K [0x00000000e0000000, 0x00000000e6b00000, 0x00000000f5580000)
  object space 109568K, 37% used [0x00000000e0000000,0x00000000e286f988,0x00000000e6b00000)
 Metaspace       used 77755K, capacity 84408K, committed 84608K, reserved 1122304K
  class space    used 9608K, capacity 11622K, committed 11648K, reserved 1048576K
}
Event: 146.858 GC heap before
{Heap before GC invocations=17 (full 3):
 PSYoungGen      total 111616K, used 108280K [0x00000000f5580000, 0x00000000fe900000, 0x0000000100000000)
  eden space 84480K, 100% used [0x00000000f5580000,0x00000000fa800000,0x00000000fa800000)
  from space 27136K, 87% used [0x00000000fa800000,0x00000000fbf3e298,0x00000000fc280000)
  to   space 29696K, 0% used [0x00000000fcc00000,0x00000000fcc00000,0x00000000fe900000)
 ParOldGen       total 109568K, used 41406K [0x00000000e0000000, 0x00000000e6b00000, 0x00000000f5580000)
  object space 109568K, 37% used [0x00000000e0000000,0x00000000e286f988,0x00000000e6b00000)
 Metaspace       used 79363K, capacity 86082K, committed 86144K, reserved 1124352K
  class space    used 9784K, capacity 11883K, committed 11904K, reserved 1048576K
Event: 146.874 GC heap after
Heap after GC invocations=17 (full 3):
 PSYoungGen      total 119808K, used 22659K [0x00000000f5580000, 0x00000000fea80000, 0x0000000100000000)
  eden space 90112K, 0% used [0x00000000f5580000,0x00000000f5580000,0x00000000fad80000)
  from space 29696K, 76% used [0x00000000fcc00000,0x00000000fe220db0,0x00000000fe900000)
  to   space 31232K, 0% used [0x00000000fad80000,0x00000000fad80000,0x00000000fcc00000)
 ParOldGen       total 109568K, used 41414K [0x00000000e0000000, 0x00000000e6b00000, 0x00000000f5580000)
  object space 109568K, 37% used [0x00000000e0000000,0x00000000e2871988,0x00000000e6b00000)
 Metaspace       used 79363K, capacity 86082K, committed 86144K, reserved 1124352K
  class space    used 9784K, capacity 11883K, committed 11904K, reserved 1048576K
}

